<?xml version="1.0" encoding="utf-8"?>
<log version="1.0" tool="runtool">

<msg id="1" tool="runtool">
  <type>log-start</type>
  <arg>2023/10/04 11:37:06</arg>
</msg>
<msg id="2" tool="runtool">
  <type>bandwidth-measurement-starts</type>
</msg>
<msg id="3" tool="runtool">
  <type>bandwidth-measurement-done</type>
</msg>
<msg id="4" tool="runtool">
  <type>collector-starts</type>
</msg>
<msg id="5" tool="runtool">
  <type>marker-file</type>
  <arg>/home/redbed24/Workspaces/ArCo/Tutorial/e000/trc000/trc000.advixe</arg>
</msg>
<msg id="6" tool="trc">
  <type>PROCESS_START</type>
  <arg>/home/redbed24/git/lab1-samuel-espejo_noelia-diaz-alejo/src/executable</arg>
  <arg>18597</arg>
  <severity>INFO</severity>
  <timestamp>Wed Oct  4 11:37:16 2023</timestamp>
</msg>
<msg id="7" tool="trc">
  <type>PROCESS_ANALYSIS_MODE</type>
  <arg>full</arg>
  <severity>INFO</severity>
  <timestamp>Wed Oct  4 11:37:16 2023</timestamp>
</msg>
<msg id="8" tool="trc">
  <type>LOAD_MODULE</type>
  <arg>/home/redbed24/git/lab1-samuel-espejo_noelia-diaz-alejo/src/executable</arg>
  <arg>0x400000</arg>
  <arg>0x4041c7</arg>
  <arg>yes</arg>
  <severity>INFO</severity>
  <timestamp>Wed Oct  4 11:37:16 2023</timestamp>
</msg>
<msg id="9" tool="trc">
  <type>LOAD_MODULE</type>
  <arg>/lib64/ld-linux-x86-64.so.2</arg>
  <arg>0x7f9125a9a000</arg>
  <arg>0x7f9125ace2b7</arg>
  <arg>yes</arg>
  <severity>INFO</severity>
  <timestamp>Wed Oct  4 11:37:16 2023</timestamp>
</msg>
<msg id="10" tool="trc">
  <type>LOAD_MODULE</type>
  <arg>[vdso]</arg>
  <arg>0x7ffe71a66000</arg>
  <arg>0x7ffe71a66fee</arg>
  <arg>no</arg>
  <severity>INFO</severity>
  <timestamp>Wed Oct  4 11:37:16 2023</timestamp>
</msg>
<msg id="11" tool="trc">
  <type>LOAD_MODULE</type>
  <arg>/usr/lib64/libstdc++.so.6</arg>
  <arg>0x7f9110400000</arg>
  <arg>0x7f91106530bf</arg>
  <arg>no</arg>
  <severity>INFO</severity>
  <timestamp>Wed Oct  4 11:37:17 2023</timestamp>
</msg>
<msg id="12" tool="trc">
  <type>LOAD_MODULE</type>
  <arg>/usr/lib64/libm.so.6</arg>
  <arg>0x7f911031f000</arg>
  <arg>0x7f91103ff0f7</arg>
  <arg>no</arg>
  <severity>INFO</severity>
  <timestamp>Wed Oct  4 11:37:17 2023</timestamp>
</msg>
<msg id="13" tool="trc">
  <type>LOAD_MODULE</type>
  <arg>/usr/lib64/libgomp.so.1</arg>
  <arg>0x7f9110681000</arg>
  <arg>0x7f91106d260f</arg>
  <arg>no</arg>
  <severity>INFO</severity>
  <timestamp>Wed Oct  4 11:37:17 2023</timestamp>
</msg>
<msg id="14" tool="trc">
  <type>LOAD_MODULE</type>
  <arg>/usr/lib64/libgcc_s.so.1</arg>
  <arg>0x7f911065d000</arg>
  <arg>0x7f91106801a7</arg>
  <arg>no</arg>
  <severity>INFO</severity>
  <timestamp>Wed Oct  4 11:37:17 2023</timestamp>
</msg>
<msg id="15" tool="trc">
  <type>LOAD_MODULE</type>
  <arg>/usr/lib64/libc.so.6</arg>
  <arg>0x7f91100ff000</arg>
  <arg>0x7f91102dcd2f</arg>
  <arg>no</arg>
  <severity>INFO</severity>
  <timestamp>Wed Oct  4 11:37:17 2023</timestamp>
</msg>
<msg id="16" tool="trc">
  <type>UNLOAD_MODULE</type>
  <arg>/home/redbed24/git/lab1-samuel-espejo_noelia-diaz-alejo/src/executable</arg>
  <severity>INFO</severity>
  <timestamp>Wed Oct  4 11:37:18 2023</timestamp>
</msg>
<msg id="17" tool="trc">
  <type>UNLOAD_MODULE</type>
  <arg>/lib64/ld-linux-x86-64.so.2</arg>
  <severity>INFO</severity>
  <timestamp>Wed Oct  4 11:37:18 2023</timestamp>
</msg>
<msg id="18" tool="trc">
  <type>UNLOAD_MODULE</type>
  <arg>[vdso]</arg>
  <severity>INFO</severity>
  <timestamp>Wed Oct  4 11:37:18 2023</timestamp>
</msg>
<msg id="19" tool="trc">
  <type>UNLOAD_MODULE</type>
  <arg>/usr/lib64/libstdc++.so.6</arg>
  <severity>INFO</severity>
  <timestamp>Wed Oct  4 11:37:18 2023</timestamp>
</msg>
<msg id="20" tool="trc">
  <type>UNLOAD_MODULE</type>
  <arg>/usr/lib64/libm.so.6</arg>
  <severity>INFO</severity>
  <timestamp>Wed Oct  4 11:37:18 2023</timestamp>
</msg>
<msg id="21" tool="trc">
  <type>UNLOAD_MODULE</type>
  <arg>/usr/lib64/libgomp.so.1</arg>
  <severity>INFO</severity>
  <timestamp>Wed Oct  4 11:37:18 2023</timestamp>
</msg>
<msg id="22" tool="trc">
  <type>UNLOAD_MODULE</type>
  <arg>/usr/lib64/libgcc_s.so.1</arg>
  <severity>INFO</severity>
  <timestamp>Wed Oct  4 11:37:18 2023</timestamp>
</msg>
<msg id="23" tool="trc">
  <type>UNLOAD_MODULE</type>
  <arg>/usr/lib64/libc.so.6</arg>
  <severity>INFO</severity>
  <timestamp>Wed Oct  4 11:37:18 2023</timestamp>
</msg>
<msg id="24" tool="trc">
  <type>PROCESS_FINISH</type>
  <arg>/home/redbed24/git/lab1-samuel-espejo_noelia-diaz-alejo/src/executable</arg>
  <arg>18597</arg>
  <arg>0x0</arg>
  <severity>INFO</severity>
  <timestamp>Wed Oct  4 11:37:18 2023</timestamp>
</msg>
<msg id="25" tool="runtool">
  <type>app-exit-code</type>
  <arg>0</arg>
</msg>
<msg id="26" tool="runtool">
  <type>marker-file</type>
  <arg>/home/redbed24/Workspaces/ArCo/Tutorial/e000/trc000/trc000.advixe</arg>
</msg>
<msg id="27" tool="runtool">
  <type>collector-done</type>
</msg>
<msg id="28" tool="runtool">
  <type>log-end</type>
  <arg>2023/10/04 11:37:21</arg>
</msg>

</log>

