<?xml version="1.0" encoding="utf-8" ?>
<!-- DO NOT EDIT THIS FILE -->

<log version='2.0' source='tcet'>
	<!-- Opened annotation file /home/redbed24/intel/oneapi/advisor/2023.2.0/lib64/../config/tc/qt.ant -->
	<!-- Opened annotation file /home/redbed24/intel/oneapi/advisor/2023.2.0/lib64/../config/tc/cpp11.ant -->
	<!-- Opened annotation file /home/redbed24/intel/oneapi/advisor/2023.2.0/lib64/../config/tc/cpp11_atomics.ant -->
	<!-- Opened annotation file /home/redbed24/intel/oneapi/advisor/2023.2.0/lib64/../config/tc/opencl.ant -->
	<!-- Opened annotation file /home/redbed24/intel/oneapi/advisor/2023.2.0/lib64/../config/tc/fortran.ant -->
	<!-- Opened annotation file /home/redbed24/intel/oneapi/advisor/2023.2.0/lib64/../config/tc/icl.ant -->
	<!-- Opened annotation file /home/redbed24/intel/oneapi/advisor/2023.2.0/lib64/../config/tc/allocators.ant -->
	<!-- Opened annotation file /home/redbed24/intel/oneapi/advisor/2023.2.0/lib64/../config/tc/userapi.ant -->
	<msg id='1' display='false' source='tccore'>
		<type>START</type>
		<severity>INFO</severity>
		<timestamp>Mon Oct 23 14:00:04 2023</timestamp>
	</msg>
	<!-- Successfully loaded CCRT 13.15.2 at address 0x7f32c2814000 - 0x7f32c2817000 -->
	<!-- Successfully loaded the TC Analysis Core 8.22.3 at address 0x7f32c0343000 - 0x7f32c0375000 -->
	<!-- Successfully loaded the TC Instrumentation Engine 8.22.3 at address 0x7f32c2821000 - 0x7f32c2a0e000 -->
	<!-- Environment: INTEL_LIBITTNOTIFY32=/home/redbed24/intel/oneapi/advisor/2023.2.0/lib32/runtime/libittnotify.so -->
	<!-- Environment: INTEL_LIBITTNOTIFY64=/home/redbed24/intel/oneapi/advisor/2023.2.0/lib64/runtime/libittnotify.so -->
	<!-- Environment: INTEL_JIT_PROFILER32=/home/redbed24/intel/oneapi/advisor/2023.2.0/lib32/libpinjitprofiling.so -->
	<!-- Environment: INTEL_JIT_PROFILER64=/home/redbed24/intel/oneapi/advisor/2023.2.0/lib64/libpinjitprofiling.so -->
	<!-- This is the instance of interest -->
	<msg id='2' source='tcet'>
		<type>EXEC_OF_INTEREST</type>
		<severity>INFO</severity>
		<timestamp>Mon Oct 23 14:00:04 2023</timestamp>
		<arg name='process'>/home/redbed24/git/lab3-lab2-espejo-samuel_diaz-alejo-noelia/vectorized_unit</arg>
		<arg name='pid'>28604</arg>
	</msg>
	<msg id='3' source='tcet'>
		<type>LOAD_MODULE</type>
		<severity>INFO</severity>
		<timestamp>Mon Oct 23 14:00:04 2023</timestamp>
		<arg name='module'>/home/redbed24/git/lab3-lab2-espejo-samuel_diaz-alejo-noelia/vectorized_unit</arg>
		<arg name='basement'>0x400000</arg>
		<arg name='ceiling'>0x429b8f</arg>
		<arg name='id'>2</arg>
	</msg>
	<msg id='4' source='tcet'>
		<type>LOAD_MODULE</type>
		<severity>INFO</severity>
		<timestamp>Mon Oct 23 14:00:04 2023</timestamp>
		<arg name='module'>/lib64/ld-linux-x86-64.so.2</arg>
		<arg name='basement'>0x7f32c3f40000</arg>
		<arg name='ceiling'>0x7f32c3f742b7</arg>
		<arg name='id'>3</arg>
	</msg>
	<msg id='5' source='tcet'>
		<type>LOAD_MODULE</type>
		<severity>INFO</severity>
		<timestamp>Mon Oct 23 14:00:04 2023</timestamp>
		<arg name='module'>[vdso]</arg>
		<arg name='basement'>0x7fff50bcf000</arg>
		<arg name='ceiling'>0x7fff50bcffee</arg>
		<arg name='id'>4</arg>
	</msg>
	<msg id='6' source='tcet'>
		<type>LOAD_MODULE</type>
		<severity>INFO</severity>
		<timestamp>Mon Oct 23 14:00:04 2023</timestamp>
		<arg name='module'>/usr/lib64/libstdc++.so.6</arg>
		<arg name='basement'>0x7f32ada00000</arg>
		<arg name='ceiling'>0x7f32adc530bf</arg>
		<arg name='id'>5</arg>
	</msg>
	<msg id='7' source='tcet'>
		<type>LOAD_MODULE</type>
		<severity>INFO</severity>
		<timestamp>Mon Oct 23 14:00:05 2023</timestamp>
		<arg name='module'>/usr/lib64/libm.so.6</arg>
		<arg name='basement'>0x7f32ad91f000</arg>
		<arg name='ceiling'>0x7f32ad9ff0f7</arg>
		<arg name='id'>6</arg>
	</msg>
	<msg id='8' source='tcet'>
		<type>LOAD_MODULE</type>
		<severity>INFO</severity>
		<timestamp>Mon Oct 23 14:00:05 2023</timestamp>
		<arg name='module'>/usr/lib64/libgcc_s.so.1</arg>
		<arg name='basement'>0x7f32adc98000</arg>
		<arg name='ceiling'>0x7f32adcbb1a7</arg>
		<arg name='id'>7</arg>
	</msg>
	<msg id='9' source='tcet'>
		<type>LOAD_MODULE</type>
		<severity>INFO</severity>
		<timestamp>Mon Oct 23 14:00:05 2023</timestamp>
		<arg name='module'>/home/redbed24/intel/oneapi/compiler/2023.2.0/linux/compiler/lib/intel64_lin/libiomp5.so</arg>
		<arg name='basement'>0x7f32ad400000</arg>
		<arg name='ceiling'>0x7f32ad84114f</arg>
		<arg name='id'>8</arg>
	</msg>
	<msg id='10' source='tcet'>
		<type>LOAD_MODULE</type>
		<severity>INFO</severity>
		<timestamp>Mon Oct 23 14:00:05 2023</timestamp>
		<arg name='module'>/usr/lib64/libc.so.6</arg>
		<arg name='basement'>0x7f32ad222000</arg>
		<arg name='ceiling'>0x7f32ad3ffd2f</arg>
		<arg name='id'>9</arg>
	</msg>
	<msg id='11' source='tcet'>
		<type>LOAD_MODULE</type>
		<severity>INFO</severity>
		<timestamp>Mon Oct 23 14:00:05 2023</timestamp>
		<arg name='module'>/usr/lib64/librt.so.1</arg>
		<arg name='basement'>0x7f32ad8a3000</arg>
		<arg name='ceiling'>0x7f32ad8a701f</arg>
		<arg name='id'>10</arg>
	</msg>
	<msg id='12' source='tcet'>
		<type>LOAD_MODULE</type>
		<severity>INFO</severity>
		<timestamp>Mon Oct 23 14:00:05 2023</timestamp>
		<arg name='module'>/usr/lib64/libpthread.so.0</arg>
		<arg name='basement'>0x7f32ad88e000</arg>
		<arg name='ceiling'>0x7f32ad89200f</arg>
		<arg name='id'>11</arg>
	</msg>
	<msg id='13' source='tcet'>
		<type>LOAD_MODULE</type>
		<severity>INFO</severity>
		<timestamp>Mon Oct 23 14:00:05 2023</timestamp>
		<arg name='module'>/usr/lib64/libdl.so.2</arg>
		<arg name='basement'>0x7f32ad886000</arg>
		<arg name='ceiling'>0x7f32ad88a00f</arg>
		<arg name='id'>12</arg>
	</msg>
	<msg id='14' source='tcet'>
		<type>UNLOAD_MODULE</type>
		<severity>INFO</severity>
		<timestamp>Mon Oct 23 14:06:51 2023</timestamp>
		<arg name='module'>/home/redbed24/git/lab3-lab2-espejo-samuel_diaz-alejo-noelia/vectorized_unit</arg>
		<arg name='id'>2</arg>
	</msg>
	<msg id='15' source='tcet'>
		<type>UNLOAD_MODULE</type>
		<severity>INFO</severity>
		<timestamp>Mon Oct 23 14:06:51 2023</timestamp>
		<arg name='module'>/lib64/ld-linux-x86-64.so.2</arg>
		<arg name='id'>3</arg>
	</msg>
	<msg id='16' source='tcet'>
		<type>UNLOAD_MODULE</type>
		<severity>INFO</severity>
		<timestamp>Mon Oct 23 14:06:51 2023</timestamp>
		<arg name='module'>[vdso]</arg>
		<arg name='id'>4</arg>
	</msg>
	<msg id='17' source='tcet'>
		<type>UNLOAD_MODULE</type>
		<severity>INFO</severity>
		<timestamp>Mon Oct 23 14:06:51 2023</timestamp>
		<arg name='module'>/usr/lib64/libstdc++.so.6</arg>
		<arg name='id'>5</arg>
	</msg>
	<msg id='18' source='tcet'>
		<type>UNLOAD_MODULE</type>
		<severity>INFO</severity>
		<timestamp>Mon Oct 23 14:06:51 2023</timestamp>
		<arg name='module'>/usr/lib64/libm.so.6</arg>
		<arg name='id'>6</arg>
	</msg>
	<msg id='19' source='tcet'>
		<type>UNLOAD_MODULE</type>
		<severity>INFO</severity>
		<timestamp>Mon Oct 23 14:06:51 2023</timestamp>
		<arg name='module'>/usr/lib64/libgcc_s.so.1</arg>
		<arg name='id'>7</arg>
	</msg>
	<msg id='20' source='tcet'>
		<type>UNLOAD_MODULE</type>
		<severity>INFO</severity>
		<timestamp>Mon Oct 23 14:06:51 2023</timestamp>
		<arg name='module'>/home/redbed24/intel/oneapi/compiler/2023.2.0/linux/compiler/lib/intel64_lin/libiomp5.so</arg>
		<arg name='id'>8</arg>
	</msg>
	<msg id='21' source='tcet'>
		<type>UNLOAD_MODULE</type>
		<severity>INFO</severity>
		<timestamp>Mon Oct 23 14:06:51 2023</timestamp>
		<arg name='module'>/usr/lib64/libc.so.6</arg>
		<arg name='id'>9</arg>
	</msg>
	<msg id='22' source='tcet'>
		<type>UNLOAD_MODULE</type>
		<severity>INFO</severity>
		<timestamp>Mon Oct 23 14:06:51 2023</timestamp>
		<arg name='module'>/usr/lib64/librt.so.1</arg>
		<arg name='id'>10</arg>
	</msg>
	<msg id='23' source='tcet'>
		<type>UNLOAD_MODULE</type>
		<severity>INFO</severity>
		<timestamp>Mon Oct 23 14:06:51 2023</timestamp>
		<arg name='module'>/usr/lib64/libpthread.so.0</arg>
		<arg name='id'>11</arg>
	</msg>
	<msg id='24' source='tcet'>
		<type>UNLOAD_MODULE</type>
		<severity>INFO</severity>
		<timestamp>Mon Oct 23 14:06:51 2023</timestamp>
		<arg name='module'>/usr/lib64/libdl.so.2</arg>
		<arg name='id'>12</arg>
	</msg>
	<msg id='25' source='tcet'>
		<type>PROCESS_TERMINATE</type>
		<severity>INFO</severity>
		<timestamp>Mon Oct 23 14:06:51 2023</timestamp>
		<arg name='process'>/home/redbed24/git/lab3-lab2-espejo-samuel_diaz-alejo-noelia/vectorized_unit</arg>
		<arg name='pid'>28604</arg>
	</msg>
	<msg id='26' display='false' source='tccore'>
		<type>ANALYSIS_COMPLETE</type>
		<severity>INFO</severity>
		<timestamp>Mon Oct 23 14:06:51 2023</timestamp>
	</msg>
	<msg id='27' display='false' source='tccore'>
		<type>STOP</type>
		<severity>INFO</severity>
		<timestamp>Mon Oct 23 14:06:51 2023</timestamp>
	</msg>
</log>