13 [140097664714688] INFO perfrun.launcher <> - Launcher main begin
14 [140097664714688] INFO perfrun.launcher <> - MessageCatalogInit finished
14 [140097664714688] INFO perfrun.launcher <> - Launcher instance created
14 [140097664714688] INFO perfrun.launcher <> - argc = 6; cmdline = /home/redbed24/intel/oneapi/advisor/2023.2.0/bin64/advixe-runss -dump-vdso -r /home/redbed24/git/lab3-lab2-espejo-samuel_diaz-alejo-noelia/results/task3/vectorized/e000/hs001 --tmp-dir /tmp/advixe-tmp-redbed24 
65 [140097664714688] INFO perfrun.launcher <> - create msngr2::ICliToolContext
65 [140097664714688] INFO perfrun.launcher <> - create file finder object
66 [140097513055936] INFO perfrun.launcher <> - plugin [remoteplug] was disabled because it doesn't support the given collection type.
66 [140097513055936] INFO perfrun.launcher <> - plugin [system] was disabled because it doesn't support the given collection type.
66 [140097513055936] INFO perfrun.vdso <> - dumping [vdso] pseudomodule
67 [140097513055936] WARN perfrun.vdso <> - could not archive [vdso], return code 5, at file: vcs/perfrun1/plugins/vdso/src/vdso_collector.cpp:264
67 [140097513055936] INFO perfrun.launcher <> - plugin [itt] was disabled because it doesn't support the given collection type.
67 [140097513055936] INFO perfrun.launcher <> - plugin [] was disabled because it doesn't support the given collection type.
67 [140097513055936] INFO perfrun.launcher <> - plugin [gpu] was disabled because it doesn't support the given collection type.
67 [140097513055936] INFO perfrun.launcher <> - plugin [] was disabled because it doesn't support the given collection type.
67 [140097513055936] INFO perfrun.launcher <> - plugin [] was disabled because it doesn't support the given collection type.
67 [140097513055936] INFO perfrun.launcher <> - plugin [] was disabled because it doesn't support the given collection type.
67 [140097513055936] INFO perfrun.launcher <> - plugin [mrte] was disabled because it doesn't support the given collection type.
67 [140097513055936] INFO perfrun.launcher <> - plugin [] was disabled because it doesn't support the given collection type.
67 [140097513055936] INFO perfrun.launcher <> - plugin [] was disabled because it doesn't support the given collection type.
67 [140097513055936] INFO perfrun.launcher <> - plugin [] was disabled because it doesn't support the given collection type.
67 [140097513055936] INFO perfrun.launcher <> - plugin [] was disabled because it doesn't support the given collection type.
68 [140097513055936] INFO perfrun.launcher <> - plugin [] was disabled because it doesn't support the given collection type.
68 [140097513055936] INFO perfrun.launcher <> - plugin [] was disabled because it doesn't support the given collection type.
68 [140097513055936] INFO perfrun.launcher <> - plugin [] was disabled because it doesn't support the given collection type.
68 [140097513055936] INFO perfrun.launcher <> - plugin [tpss] was disabled because it doesn't support the given collection type.
68 [140097513055936] INFO perfrun.launcher <> - plugin [] was disabled because it doesn't support the given collection type.
68 [140097513055936] INFO perfrun.launcher <> - plugin [] was disabled because it doesn't support the given collection type.
68 [140097513055936] INFO perfrun.launcher <> - plugin [] was disabled because it doesn't support the given collection type.
68 [140097513055936] INFO perfrun.launcher <> - plugin [] was disabled because it doesn't support the given collection type.
68 [140097513055936] INFO perfrun.launcher <> - plugin [] was disabled because it doesn't support the given collection type.
68 [140097513055936] INFO perfrun.launcher <> - plugin [] was disabled because it doesn't support the given collection type.
68 [140097513055936] INFO perfrun.launcher <> - plugin [] was disabled because it doesn't support the given collection type.
68 [140097513055936] INFO perfrun.launcher <> - plugin [] was disabled because it doesn't support the given collection type.
68 [140097513055936] INFO perfrun.launcher <> - plugin [] was disabled because it doesn't support the given collection type.
68 [140097664714688] INFO perfrun.launcher <> - Application exit code: 0
68 [140097664714688] INFO perfrun.launcher <> - Exit code: 0
