13 [140097044010944] INFO perfrun.launcher <> - Launcher main begin
13 [140097044010944] INFO perfrun.launcher <> - MessageCatalogInit finished
14 [140097044010944] INFO perfrun.launcher <> - Launcher instance created
14 [140097044010944] INFO perfrun.launcher <> - argc = 7; cmdline = /home/redbed24/intel/oneapi/advisor/2023.2.0/bin64/advixe-runss --ui-output-format xml --ui-output-fd 86 --option-file /home/redbed24/git/lab3-lab2-espejo-samuel_diaz-alejo-noelia/results/task3/vectorized/e000/hs001/config/runss.options 
59 [140097044010944] INFO perfrun.launcher <> - create msngr2::ICliToolContext
60 [140097044010944] INFO perfrun.launcher <> - create file finder object
60 [140097044010944] INFO perfrun.launcher <> - create a result directory: pattern = /home/redbed24/git/lab3-lab2-espejo-samuel_diaz-alejo-noelia/results/task3/vectorized/e000/hs001 pid = 4294967295
64 [140097044010944] INFO perfrun.sdk <> - checked that the directory /home/redbed24/git/lab3-lab2-espejo-samuel_diaz-alejo-noelia/results/task3/vectorized/e000/hs001 is a local directory
64 [140097044010944] INFO perfrun.sdk <> - the directory /home/redbed24/git/lab3-lab2-espejo-samuel_diaz-alejo-noelia/results/task3/vectorized/e000/hs001 is a local directory with FS type ID 61267
64 [140097044010944] INFO perfrun.launcher <> - create data directory = /home/redbed24/git/lab3-lab2-espejo-samuel_diaz-alejo-noelia/results/task3/vectorized/e000/hs001/data.0
64 [140097044010944] INFO perfrun.launcher <> - Creating the master collection flag
67 [140097044010944] INFO perfrun.launcher <> - Done creating the master collection flag
68 [140096892298944] INFO perfrun.launcher <> - plugin [remoteplug] was disabled because it doesn't support the given collection type.
68 [140096892298944] INFO perfrun.sdk <> - Allocating TMU :/home/redbed24/git/lab3-lab2-espejo-samuel_diaz-alejo-noelia/results/task3/vectorized/e000/hs001/data.0/systemcollector-20383-Lenovo-Ideapad-700.sc
68 [140096892298944] INFO perfrun.launcher <> - plugin [] was disabled because it doesn't support the given collection type.
69 [140096892298944] INFO perfrun.launcher <> - plugin [gpu] was disabled because it doesn't support the given collection type.
69 [140096892298944] INFO perfrun.launcher <> - plugin [] was disabled because it doesn't support the given collection type.
69 [140096892298944] INFO perfrun.launcher <> - plugin [] was disabled because it doesn't support the given collection type.
69 [140096892298944] INFO perfrun.launcher <> - plugin [] was disabled because it doesn't support the given collection type.
69 [140096892298944] INFO perfrun.mrte <> - system-wide mode is 0
69 [140096892298944] INFO perfrun.mrte <> - Getting  mrte profiling environment ...
77 [140096892298944] INFO perfrun.mrte <> - INTEL_MRTE_DATA_DIR=/home/redbed24/git/lab3-lab2-espejo-samuel_diaz-alejo-noelia/results/task3/vectorized/e000/hs001/data.0
77 [140096892298944] INFO perfrun.mrte <> - INTEL_MRTE_HOST_NAME=Lenovo-Ideapad-700
77 [140096892298944] INFO perfrun.mrte <> - JAVA_TOOL_OPTIONS=-agentlib:advixe_tpssmrte_javaprof_1.0 -Dsun.boot.library.path=/home/redbed24/intel/oneapi/advisor/2023.2.0/lib32/runtime:/home/redbed24/intel/oneapi/advisor/2023.2.0/lib64/runtime
77 [140096892298944] INFO perfrun.mrte <> - LD_LIBRARY_PATH=/home/redbed24/intel/oneapi/advisor/2023.2.0/lib32/runtime:/home/redbed24/intel/oneapi/advisor/2023.2.0/lib64/runtime:/home/redbed24/intel/oneapi/tbb/2021.10.0/env/../lib/intel64/gcc4.8:/home/redbed24/intel/oneapi/mpi/2021.10.0//libfabric/lib:/home/redbed24/intel/oneapi/mpi/2021.10.0//lib/release:/home/redbed24/intel/oneapi/mpi/2021.10.0//lib:/home/redbed24/intel/oneapi/mkl/2023.2.0/lib/intel64:/home/redbed24/intel/oneapi/itac/2021.10.0/slib:/home/redbed24/intel/oneapi/ipp/2021.9.0/lib/intel64:/home/redbed24/intel/oneapi/ippcp/2021.8.0/lib/intel64:/home/redbed24/intel/oneapi/ipp/2021.9.0/lib/intel64:/home/redbed24/intel/oneapi/dnnl/2023.2.0/cpu_dpcpp_gpu_dpcpp/lib:/home/redbed24/intel/oneapi/debugger/2023.2.0/gdb/intel64/lib:/home/redbed24/intel/oneapi/debugger/2023.2.0/libipt/intel64/lib:/home/redbed24/intel/oneapi/debugger/2023.2.0/dep/lib:/home/redbed24/intel/oneapi/dal/2023.2.0/lib/intel64:/home/redbed24/intel/oneapi/compiler/2023.2.0/linux/lib:/home/redbed24/intel/oneapi/compiler/2023.2.0/linux/lib/x64:/home/redbed24/intel/oneapi/compiler/2023.2.0/linux/lib/oclfpga/host/linux64/lib:/home/redbed24/intel/oneapi/compiler/2023.2.0/linux/compiler/lib/intel64_lin:/home/redbed24/intel/oneapi/ccl/2021.10.0/lib/cpu_gpu_dpcpp:/home/redbed24/intel/oneapi/compiler/2023.2.0/linux/compiler/lib/intel64_lin:/home/redbed24/intel/oneapi/ccl/2021.10.0/lib/cpu_gpu_dpcpp
78 [140096892298944] INFO perfrun.mrte <> - Data directory: /home/redbed24/git/lab3-lab2-espejo-samuel_diaz-alejo-noelia/results/task3/vectorized/e000/hs001/data.0
78 [140096892298944] INFO perfrun.mrte <> - Mrte plugin is initialized
78 [140096892298944] INFO perfrun.launcher <> - plugin [] was disabled because it doesn't support the given collection type.
78 [140096892298944] INFO perfrun.launcher <> - plugin [] was disabled because it doesn't support the given collection type.
78 [140096892298944] INFO perfrun.launcher <> - plugin [] was disabled because it doesn't support the given collection type.
78 [140096892298944] INFO perfrun.launcher <> - plugin [] was disabled because it doesn't support the given collection type.
78 [140096892298944] INFO perfrun.launcher <> - plugin [] was disabled because it doesn't support the given collection type.
78 [140096892298944] INFO perfrun.launcher <> - plugin [] was disabled because it doesn't support the given collection type.
78 [140096892298944] INFO perfrun.launcher <> - plugin [] was disabled because it doesn't support the given collection type.
78 [140096892298944] INFO perfrun.tpss <> - initialize tpss controller
78 [140096892298944] INFO perfrun.tpss <> - configure collection mode: value = cpu:stack
78 [140096892298944] INFO perfrun.tpss <> - default obj-size-min=1024
78 [140096892298944] INFO perfrun.tpss <> - default hash-table-size=0
78 [140096892298944] INFO perfrun.launcher <> - plugin [] was disabled because it doesn't support the given collection type.
78 [140096892298944] INFO perfrun.launcher <> - plugin [] was disabled because it doesn't support the given collection type.
78 [140096892298944] INFO perfrun.launcher <> - plugin [] was disabled because it doesn't support the given collection type.
78 [140096892298944] INFO perfrun.launcher <> - plugin [] was disabled because it doesn't support the given collection type.
78 [140096892298944] INFO perfrun.launcher <> - plugin [] was disabled because it doesn't support the given collection type.
78 [140096892298944] INFO perfrun.launcher <> - plugin [] was disabled because it doesn't support the given collection type.
78 [140096892298944] INFO perfrun.launcher <> - plugin [] was disabled because it doesn't support the given collection type.
78 [140096892298944] INFO perfrun.launcher <> - plugin [] was disabled because it doesn't support the given collection type.
78 [140096892298944] INFO perfrun.launcher <> - plugin [] was disabled because it doesn't support the given collection type.
78 [140097044010944] INFO perfrun.launcher <> - set environment variable: LD_LIBRARY_PATH = /home/redbed24/intel/oneapi/advisor/2023.2.0/lib32/runtime:/home/redbed24/intel/oneapi/advisor/2023.2.0/lib64/runtime:/home/redbed24/intel/oneapi/tbb/2021.10.0/env/../lib/intel64/gcc4.8:/home/redbed24/intel/oneapi/mpi/2021.10.0//libfabric/lib:/home/redbed24/intel/oneapi/mpi/2021.10.0//lib/release:/home/redbed24/intel/oneapi/mpi/2021.10.0//lib:/home/redbed24/intel/oneapi/mkl/2023.2.0/lib/intel64:/home/redbed24/intel/oneapi/itac/2021.10.0/slib:/home/redbed24/intel/oneapi/ipp/2021.9.0/lib/intel64:/home/redbed24/intel/oneapi/ippcp/2021.8.0/lib/intel64:/home/redbed24/intel/oneapi/ipp/2021.9.0/lib/intel64:/home/redbed24/intel/oneapi/dnnl/2023.2.0/cpu_dpcpp_gpu_dpcpp/lib:/home/redbed24/intel/oneapi/debugger/2023.2.0/gdb/intel64/lib:/home/redbed24/intel/oneapi/debugger/2023.2.0/libipt/intel64/lib:/home/redbed24/intel/oneapi/debugger/2023.2.0/dep/lib:/home/redbed24/intel/oneapi/dal/2023.2.0/lib/intel64:/home/redbed24/intel/oneapi/compiler/2023.2.0/linux/lib:/home/redbed24/intel/oneapi/compiler/2023.2.0/linux/lib/x64:/home/redbed24/intel/oneapi/compiler/2023.2.0/linux/lib/oclfpga/host/linux64/lib:/home/redbed24/intel/oneapi/compiler/2023.2.0/linux/compiler/lib/intel64_lin:/home/redbed24/intel/oneapi/ccl/2021.10.0/lib/cpu_gpu_dpcpp:/home/redbed24/intel/oneapi/compiler/2023.2.0/linux/compiler/lib/intel64_lin:/home/redbed24/intel/oneapi/ccl/2021.10.0/lib/cpu_gpu_dpcpp
78 [140097044010944] INFO perfrun.launcher <> - set environment variable: INTEL_LIBITTNOTIFY32 = /home/redbed24/intel/oneapi/advisor/2023.2.0/lib32/runtime/libittnotify_collector.so
78 [140097044010944] INFO perfrun.launcher <> - set environment variable: INTEL_LIBITTNOTIFY64 = /home/redbed24/intel/oneapi/advisor/2023.2.0/lib64/runtime/libittnotify_collector.so
78 [140097044010944] INFO perfrun.launcher <> - set environment variable: INTEL_ITTNOTIFY_GROUPS = 
78 [140097044010944] INFO perfrun.launcher <> - set environment variable: INTEL_JIT_PROFILER32 = /home/redbed24/intel/oneapi/advisor/2023.2.0/lib32/runtime/libittnotify_collector.so
78 [140097044010944] INFO perfrun.launcher <> - set environment variable: INTEL_JIT_PROFILER64 = /home/redbed24/intel/oneapi/advisor/2023.2.0/lib64/runtime/libittnotify_collector.so
78 [140097044010944] INFO perfrun.launcher <> - set environment variable: ENABLE_JITPROFILING = 1
78 [140097044010944] INFO perfrun.launcher <> - set environment variable: CL_CONFIG_USE_VTUNE = True
78 [140097044010944] INFO perfrun.launcher <> - set environment variable: KMP_FORKJOIN_FRAMES = 0
78 [140097044010944] INFO perfrun.launcher <> - set environment variable: KMP_FORKJOIN_FRAMES_MODE = 0
78 [140097044010944] INFO perfrun.launcher <> - set environment variable: INTEL_MRTE_DATA_DIR = /home/redbed24/git/lab3-lab2-espejo-samuel_diaz-alejo-noelia/results/task3/vectorized/e000/hs001/data.0
78 [140097044010944] INFO perfrun.launcher <> - set environment variable: INTEL_MRTE_HOST_NAME = Lenovo-Ideapad-700
78 [140097044010944] INFO perfrun.launcher <> - set environment variable: JAVA_TOOL_OPTIONS = -agentlib:advixe_tpssmrte_javaprof_1.0 -Dsun.boot.library.path=/home/redbed24/intel/oneapi/advisor/2023.2.0/lib32/runtime:/home/redbed24/intel/oneapi/advisor/2023.2.0/lib64/runtime
79 [140097044010944] INFO perfrun.launcher <> - set environment variable: LD_LIBRARY_PATH = /home/redbed24/intel/oneapi/advisor/2023.2.0/lib32/runtime:/home/redbed24/intel/oneapi/advisor/2023.2.0/lib64/runtime:/home/redbed24/intel/oneapi/tbb/2021.10.0/env/../lib/intel64/gcc4.8:/home/redbed24/intel/oneapi/mpi/2021.10.0//libfabric/lib:/home/redbed24/intel/oneapi/mpi/2021.10.0//lib/release:/home/redbed24/intel/oneapi/mpi/2021.10.0//lib:/home/redbed24/intel/oneapi/mkl/2023.2.0/lib/intel64:/home/redbed24/intel/oneapi/itac/2021.10.0/slib:/home/redbed24/intel/oneapi/ipp/2021.9.0/lib/intel64:/home/redbed24/intel/oneapi/ippcp/2021.8.0/lib/intel64:/home/redbed24/intel/oneapi/ipp/2021.9.0/lib/intel64:/home/redbed24/intel/oneapi/dnnl/2023.2.0/cpu_dpcpp_gpu_dpcpp/lib:/home/redbed24/intel/oneapi/debugger/2023.2.0/gdb/intel64/lib:/home/redbed24/intel/oneapi/debugger/2023.2.0/libipt/intel64/lib:/home/redbed24/intel/oneapi/debugger/2023.2.0/dep/lib:/home/redbed24/intel/oneapi/dal/2023.2.0/lib/intel64:/home/redbed24/intel/oneapi/compiler/2023.2.0/linux/lib:/home/redbed24/intel/oneapi/compiler/2023.2.0/linux/lib/x64:/home/redbed24/intel/oneapi/compiler/2023.2.0/linux/lib/oclfpga/host/linux64/lib:/home/redbed24/intel/oneapi/compiler/2023.2.0/linux/compiler/lib/intel64_lin:/home/redbed24/intel/oneapi/ccl/2021.10.0/lib/cpu_gpu_dpcpp:/home/redbed24/intel/oneapi/compiler/2023.2.0/linux/compiler/lib/intel64_lin:/home/redbed24/intel/oneapi/ccl/2021.10.0/lib/cpu_gpu_dpcpp
79 [140097044010944] INFO perfrun.launcher <> - RpcServer: run RPC server to handle requests
79 [140097044010944] INFO perfrun.launcher <> - Launcher: command line to start before modification = /home/redbed24/git/lab3-lab2-espejo-samuel_diaz-alejo-noelia/vectorized
79 [140097044010944] INFO perfrun.launcher <> - Launcher: command line to start after modification = /home/redbed24/intel/oneapi/advisor/2023.2.0/bin64/pin -error_file /home/redbed24/git/lab3-lab2-espejo-samuel_diaz-alejo-noelia/results/task3/vectorized/e000/hs001/data.0/pinerr.tpsslog -detach_reattach -follow_execv -tool_load_option deepbind -t64 /home/redbed24/intel/oneapi/advisor/2023.2.0/lib64/libtpsstool.so -t /home/redbed24/intel/oneapi/advisor/2023.2.0/lib32/libtpsstool.so -server_name tpss_ipc.20383 -prd_dir /home/redbed24/intel/oneapi/advisor/2023.2.0 -- /home/redbed24/git/lab3-lab2-espejo-samuel_diaz-alejo-noelia/vectorized
79 [140097044010944] INFO perfrun.launcher <> - ProcessCreator object was created
80 [140097044010944] INFO perfrun.launcher <> - Launcher: the process was started in suspend mode
81 [140096892298944] WARN perfrun.system <> - Could not do anything with /sys/kernel/debug/kvm: boost::filesystem::status: Permission denied: "/sys/kernel/debug/kvm", at file: vcs/perfrun1/plugins/system/src/trace_writer.cpp:787
83 [140096892298944] WARN perfrun.sdk <> - Failed to find xl binary on any of the system paths: /bin, /sbin, /usr/bin, /usr/sbin., at file: vcs/perfrun1/sdk/src/utils.cpp:204
87 [140096892298944] INFO perfrun.vdso <> - Helper runtool '/home/redbed24/intel/oneapi/advisor/2023.2.0/bin32/advixe-runss -dump-vdso -r /home/redbed24/git/lab3-lab2-espejo-samuel_diaz-alejo-noelia/results/task3/vectorized/e000/hs001 --tmp-dir /tmp/advixe-tmp-redbed24' returned 1
183 [140096892298944] INFO perfrun.vdso <> - Helper runtool '/home/redbed24/intel/oneapi/advisor/2023.2.0/bin64/advixe-runss -dump-vdso -r /home/redbed24/git/lab3-lab2-espejo-samuel_diaz-alejo-noelia/results/task3/vectorized/e000/hs001 --tmp-dir /tmp/advixe-tmp-redbed24' returned 0
183 [140096892298944] INFO perfrun.itt <> - start itt controller for pid #20395
183 [140096892298944] INFO perfrun.tpss <> - start tpss controller for pid #20395
233 [140097044010944] INFO perfrun.launcher <> - Launcher: all plugins were started
234 [140097044010944] INFO perfrun.launcher <> - DirectoryMonitor object was created
234 [140097044010944] INFO perfrun.launcher <> - DirectoryMonitor: a callback was added
234 [140097044010944] INFO perfrun.launcher <> - DirectoryMonitor was started with pingTime = 1000
234 [140097044010944] INFO perfrun.launcher <> - DeadlineTimer is going to be constructed
234 [140097044010944] INFO perfrun.launcher <> - DeadlineTimer: a callback was added
238 [140097044010944] INFO perfrun.launcher <> - Launcher: resume the profiled application and  wait its termination or stop command
1450 [140097044010944] INFO perfrun.launcher <> - Launcher: the profiled application was terminated  with exit code = 0
1458 [140096892298944] INFO perfrun.itt <> - detach itt controller
1458 [140096892298944] INFO perfrun.itt <> - detach itt controller done
1458 [140096892298944] INFO perfrun.tpss <> - stop tpss controller
1460 [140096892298944] INFO perfrun.sdk <> - De-allocating TMU: /home/redbed24/git/lab3-lab2-espejo-samuel_diaz-alejo-noelia/results/task3/vectorized/e000/hs001/data.0/systemcollector-20383-Lenovo-Ideapad-700.sc
1460 [140096892298944] INFO perfrun.system <> - closed the system trace file: /home/redbed24/git/lab3-lab2-espejo-samuel_diaz-alejo-noelia/results/task3/vectorized/e000/hs001/data.0/systemcollector-20383-Lenovo-Ideapad-700.sc
1460 [140097044010944] INFO perfrun.launcher <> - Launcher: all plugins were stopped.
1460 [140097044010944] INFO perfrun.launcher <> - DeadlineTimer is going to be destroyed
1460 [140097044010944] INFO perfrun.launcher <> - DeadlineTimer was destroyed
1460 [140097044010944] INFO perfrun.launcher <> - DirectoryMonitor object was destroyed
1460 [140097044010944] WARN perfrun.launcher <> - Stop command is ignored because it is received when collection is already stopped, at file: vcs/perfrun1/launcher/src/command_handler.cpp:226
1461 [140097044010944] INFO perfrun.launcher <> - Application exit code: 0
1461 [140097044010944] INFO perfrun.launcher <> - Exit code: 0
