<?xml version="1.0" encoding="utf-8"?>
<log version="1.0" tool="runtool">

<msg id="1" tool="runtool">
  <type>log-start</type>
  <arg>2023/10/23 13:36:59</arg>
</msg>
<msg id="2" tool="runtool">
  <type>bandwidth-measurement-starts</type>
</msg>
<msg id="3" tool="runtool">
  <type>bandwidth-measurement-done</type>
</msg>
<msg id="4" tool="runtool">
  <type>collector-starts</type>
</msg>
<msg id="5" tool="runtool">
  <type>marker-file</type>
  <arg>/home/redbed24/git/lab3-lab2-espejo-samuel_diaz-alejo-noelia/results/task4/analisis_no_vectorizado/e000/trc000/trc000.advixe</arg>
</msg>
<msg id="6" tool="trc">
  <type>PROCESS_START</type>
  <arg>/home/redbed24/git/lab3-lab2-espejo-samuel_diaz-alejo-noelia/vectorized_double</arg>
  <arg>27085</arg>
  <severity>INFO</severity>
  <timestamp>Mon Oct 23 13:37:10 2023</timestamp>
</msg>
<msg id="7" tool="trc">
  <type>PROCESS_ANALYSIS_MODE</type>
  <arg>full</arg>
  <severity>INFO</severity>
  <timestamp>Mon Oct 23 13:37:10 2023</timestamp>
</msg>
<msg id="8" tool="trc">
  <type>LOAD_MODULE</type>
  <arg>/home/redbed24/git/lab3-lab2-espejo-samuel_diaz-alejo-noelia/vectorized_double</arg>
  <arg>0x400000</arg>
  <arg>0x429b8f</arg>
  <arg>yes</arg>
  <severity>INFO</severity>
  <timestamp>Mon Oct 23 13:37:10 2023</timestamp>
</msg>
<msg id="9" tool="trc">
  <type>LOAD_MODULE</type>
  <arg>/lib64/ld-linux-x86-64.so.2</arg>
  <arg>0x7f3ecb73a000</arg>
  <arg>0x7f3ecb76e2b7</arg>
  <arg>yes</arg>
  <severity>INFO</severity>
  <timestamp>Mon Oct 23 13:37:10 2023</timestamp>
</msg>
<msg id="10" tool="trc">
  <type>LOAD_MODULE</type>
  <arg>[vdso]</arg>
  <arg>0x7ffde06dc000</arg>
  <arg>0x7ffde06dcfee</arg>
  <arg>no</arg>
  <severity>INFO</severity>
  <timestamp>Mon Oct 23 13:37:10 2023</timestamp>
</msg>
<msg id="11" tool="trc">
  <type>LOAD_MODULE</type>
  <arg>/usr/lib64/libstdc++.so.6</arg>
  <arg>0x7f3eb6000000</arg>
  <arg>0x7f3eb62530bf</arg>
  <arg>no</arg>
  <severity>INFO</severity>
  <timestamp>Mon Oct 23 13:37:10 2023</timestamp>
</msg>
<msg id="12" tool="trc">
  <type>LOAD_MODULE</type>
  <arg>/usr/lib64/libm.so.6</arg>
  <arg>0x7f3eb5f1f000</arg>
  <arg>0x7f3eb5fff0f7</arg>
  <arg>no</arg>
  <severity>INFO</severity>
  <timestamp>Mon Oct 23 13:37:10 2023</timestamp>
</msg>
<msg id="13" tool="trc">
  <type>LOAD_MODULE</type>
  <arg>/usr/lib64/libgcc_s.so.1</arg>
  <arg>0x7f3eb62f1000</arg>
  <arg>0x7f3eb63141a7</arg>
  <arg>no</arg>
  <severity>INFO</severity>
  <timestamp>Mon Oct 23 13:37:10 2023</timestamp>
</msg>
<msg id="14" tool="trc">
  <type>LOAD_MODULE</type>
  <arg>/home/redbed24/intel/oneapi/compiler/2023.2.0/linux/compiler/lib/intel64_lin/libiomp5.so</arg>
  <arg>0x7f3eb5a00000</arg>
  <arg>0x7f3eb5e4114f</arg>
  <arg>yes</arg>
  <severity>INFO</severity>
  <timestamp>Mon Oct 23 13:37:10 2023</timestamp>
</msg>
<msg id="15" tool="trc">
  <type>LOAD_MODULE</type>
  <arg>/usr/lib64/libc.so.6</arg>
  <arg>0x7f3eb5822000</arg>
  <arg>0x7f3eb59ffd2f</arg>
  <arg>no</arg>
  <severity>INFO</severity>
  <timestamp>Mon Oct 23 13:37:10 2023</timestamp>
</msg>
<msg id="16" tool="trc">
  <type>LOAD_MODULE</type>
  <arg>/usr/lib64/librt.so.1</arg>
  <arg>0x7f3eb5ed8000</arg>
  <arg>0x7f3eb5edc01f</arg>
  <arg>no</arg>
  <severity>INFO</severity>
  <timestamp>Mon Oct 23 13:37:11 2023</timestamp>
</msg>
<msg id="17" tool="trc">
  <type>LOAD_MODULE</type>
  <arg>/usr/lib64/libpthread.so.0</arg>
  <arg>0x7f3eb5ed0000</arg>
  <arg>0x7f3eb5ed400f</arg>
  <arg>no</arg>
  <severity>INFO</severity>
  <timestamp>Mon Oct 23 13:37:11 2023</timestamp>
</msg>
<msg id="18" tool="trc">
  <type>LOAD_MODULE</type>
  <arg>/usr/lib64/libdl.so.2</arg>
  <arg>0x7f3eb5ecb000</arg>
  <arg>0x7f3eb5ecf00f</arg>
  <arg>no</arg>
  <severity>INFO</severity>
  <timestamp>Mon Oct 23 13:37:11 2023</timestamp>
</msg>
<msg id="19" tool="trc">
  <type>UNLOAD_MODULE</type>
  <arg>/home/redbed24/git/lab3-lab2-espejo-samuel_diaz-alejo-noelia/vectorized_double</arg>
  <severity>INFO</severity>
  <timestamp>Mon Oct 23 13:37:13 2023</timestamp>
</msg>
<msg id="20" tool="trc">
  <type>UNLOAD_MODULE</type>
  <arg>/lib64/ld-linux-x86-64.so.2</arg>
  <severity>INFO</severity>
  <timestamp>Mon Oct 23 13:37:13 2023</timestamp>
</msg>
<msg id="21" tool="trc">
  <type>UNLOAD_MODULE</type>
  <arg>[vdso]</arg>
  <severity>INFO</severity>
  <timestamp>Mon Oct 23 13:37:13 2023</timestamp>
</msg>
<msg id="22" tool="trc">
  <type>UNLOAD_MODULE</type>
  <arg>/usr/lib64/libstdc++.so.6</arg>
  <severity>INFO</severity>
  <timestamp>Mon Oct 23 13:37:13 2023</timestamp>
</msg>
<msg id="23" tool="trc">
  <type>UNLOAD_MODULE</type>
  <arg>/usr/lib64/libm.so.6</arg>
  <severity>INFO</severity>
  <timestamp>Mon Oct 23 13:37:13 2023</timestamp>
</msg>
<msg id="24" tool="trc">
  <type>UNLOAD_MODULE</type>
  <arg>/usr/lib64/libgcc_s.so.1</arg>
  <severity>INFO</severity>
  <timestamp>Mon Oct 23 13:37:13 2023</timestamp>
</msg>
<msg id="25" tool="trc">
  <type>UNLOAD_MODULE</type>
  <arg>/home/redbed24/intel/oneapi/compiler/2023.2.0/linux/compiler/lib/intel64_lin/libiomp5.so</arg>
  <severity>INFO</severity>
  <timestamp>Mon Oct 23 13:37:13 2023</timestamp>
</msg>
<msg id="26" tool="trc">
  <type>UNLOAD_MODULE</type>
  <arg>/usr/lib64/libc.so.6</arg>
  <severity>INFO</severity>
  <timestamp>Mon Oct 23 13:37:13 2023</timestamp>
</msg>
<msg id="27" tool="trc">
  <type>UNLOAD_MODULE</type>
  <arg>/usr/lib64/librt.so.1</arg>
  <severity>INFO</severity>
  <timestamp>Mon Oct 23 13:37:13 2023</timestamp>
</msg>
<msg id="28" tool="trc">
  <type>UNLOAD_MODULE</type>
  <arg>/usr/lib64/libpthread.so.0</arg>
  <severity>INFO</severity>
  <timestamp>Mon Oct 23 13:37:13 2023</timestamp>
</msg>
<msg id="29" tool="trc">
  <type>UNLOAD_MODULE</type>
  <arg>/usr/lib64/libdl.so.2</arg>
  <severity>INFO</severity>
  <timestamp>Mon Oct 23 13:37:13 2023</timestamp>
</msg>
<msg id="30" tool="trc">
  <type>PROCESS_FINISH</type>
  <arg>/home/redbed24/git/lab3-lab2-espejo-samuel_diaz-alejo-noelia/vectorized_double</arg>
  <arg>27085</arg>
  <arg>0x0</arg>
  <severity>INFO</severity>
  <timestamp>Mon Oct 23 13:37:13 2023</timestamp>
</msg>
<msg id="31" tool="runtool">
  <type>app-exit-code</type>
  <arg>0</arg>
</msg>
<msg id="32" tool="runtool">
  <type>marker-file</type>
  <arg>/home/redbed24/git/lab3-lab2-espejo-samuel_diaz-alejo-noelia/results/task4/analisis_no_vectorizado/e000/trc000/trc000.advixe</arg>
</msg>
<msg id="33" tool="runtool">
  <type>collector-done</type>
</msg>
<msg id="34" tool="runtool">
  <type>log-end</type>
  <arg>2023/10/23 13:37:17</arg>
</msg>

</log>

