<?xml version="1.0" encoding="utf-8" ?>
<!-- DO NOT EDIT THIS FILE -->

<log version='2.0' source='trc'>
	<msg id='1' display='false' source='trc'>
		<type>PROCESS_START</type>
		<severity>INFO</severity>
		<timestamp>Mon Oct 23 13:37:10 2023</timestamp>
		<arg name='process'>/home/redbed24/git/lab3-lab2-espejo-samuel_diaz-alejo-noelia/vectorized_double</arg>
		<arg name='pid'>27085</arg>
	</msg>
	<!-- Instrumentation filter's state:
    Patterns applicability:
        Generic loop pattern.....................: enabled
        Generic loop pattern (with dynamic jumps): enabled
        Known trip value loop pattern............: enabled
        Runtime final value loop pattern.........: enabled
        No initial IV loop pattern...............: enabled
        IV step only loop pattern................: enabled
        No entry loop pattern....................: enabled
    Clustered memory model (CMM) applicability:
        Generic loop pattern.....................: enabled
        Generic loop pattern (with dynamic jumps): enabled
        Known trip value loop pattern............: enabled
        Runtime final value loop pattern.........: enabled
        No initial IV loop pattern...............: enabled
        IV step only loop pattern................: enabled
        No entry loop pattern....................: disabled
 -->
	<!-- Callstack mode:
    filter modules.........: true
    filter routines........: true
    count loops............: true
    count flops............: true
    trace..................: false
    extended trace.........: false
    omp trace..............: false
    jit trace..............: false
    failures trace.........: false
    dump raw...............: false
    dump final.............: false
    dump all...............: false
    stack stitching........: true
    stl profiling..........: true
    aggressive frame switch: true
    unwind frame exit......: true
    analyze child loops....: true
 -->
	<!-- Managed application profiling: -->
	<!-- 	State...................: enabled -->
	<!-- Gpu Profiling: -->
	<!-- 	State: disabled -->
	<msg id='2' display='false' source='trc'>
		<type>PROCESS_ANALYSIS_MODE</type>
		<severity>INFO</severity>
		<timestamp>Mon Oct 23 13:37:10 2023</timestamp>
		<arg name='mode'>full</arg>
	</msg>
	<!-- Update image info for [1:0x400000:YN] /home/redbed24/git/lab3-lab2-espejo-samuel_diaz-alejo-noelia/vectorized_double -->
	<msg id='3' display='false' source='trc'>
		<type>LOAD_MODULE</type>
		<severity>INFO</severity>
		<timestamp>Mon Oct 23 13:37:10 2023</timestamp>
		<arg name='module'>/home/redbed24/git/lab3-lab2-espejo-samuel_diaz-alejo-noelia/vectorized_double</arg>
		<arg name='basement'>0x400000</arg>
		<arg name='ceiling'>0x429b8f</arg>
		<arg name='symtab'>yes</arg>
	</msg>
	<!-- Instrumenting image: id = 1, name = /home/redbed24/git/lab3-lab2-espejo-samuel_diaz-alejo-noelia/vectorized_double -->
	<!-- Instrumenting loops in routine "main" -->
	<!-- Update image info for [2:0x7F3ECB73A000:YN] /lib64/ld-linux-x86-64.so.2 -->
	<msg id='4' display='false' source='trc'>
		<type>LOAD_MODULE</type>
		<severity>INFO</severity>
		<timestamp>Mon Oct 23 13:37:10 2023</timestamp>
		<arg name='module'>/lib64/ld-linux-x86-64.so.2</arg>
		<arg name='basement'>0x7f3ecb73a000</arg>
		<arg name='ceiling'>0x7f3ecb76e2b7</arg>
		<arg name='symtab'>yes</arg>
	</msg>
	<!-- Instrumentation of /lib64/ld-linux-x86-64.so.2 image skipped because of filter conditions [cs-mode]. -->
	<!-- Update image info for [3:0x7FFDE06DC000:NN] [vdso] -->
	<msg id='5' display='false' source='trc'>
		<type>LOAD_MODULE</type>
		<severity>INFO</severity>
		<timestamp>Mon Oct 23 13:37:10 2023</timestamp>
		<arg name='module'>[vdso]</arg>
		<arg name='basement'>0x7ffde06dc000</arg>
		<arg name='ceiling'>0x7ffde06dcfee</arg>
		<arg name='symtab'>no</arg>
	</msg>
	<!-- Instrumentation of [vdso] image skipped because of filter conditions [cs-mode]. -->
	<!-- Update image info for [4:0x7F3EB6000000:NN] /usr/lib64/libstdc++.so.6 -->
	<msg id='6' display='false' source='trc'>
		<type>LOAD_MODULE</type>
		<severity>INFO</severity>
		<timestamp>Mon Oct 23 13:37:10 2023</timestamp>
		<arg name='module'>/usr/lib64/libstdc++.so.6</arg>
		<arg name='basement'>0x7f3eb6000000</arg>
		<arg name='ceiling'>0x7f3eb62530bf</arg>
		<arg name='symtab'>no</arg>
	</msg>
	<!-- Instrumentation of /usr/lib64/libstdc++.so.6 image skipped because of filter conditions [cs-mode]. -->
	<!-- Update image info for [5:0x7F3EB5F1F000:NN] /usr/lib64/libm.so.6 -->
	<msg id='7' display='false' source='trc'>
		<type>LOAD_MODULE</type>
		<severity>INFO</severity>
		<timestamp>Mon Oct 23 13:37:10 2023</timestamp>
		<arg name='module'>/usr/lib64/libm.so.6</arg>
		<arg name='basement'>0x7f3eb5f1f000</arg>
		<arg name='ceiling'>0x7f3eb5fff0f7</arg>
		<arg name='symtab'>no</arg>
	</msg>
	<!-- Instrumentation of /usr/lib64/libm.so.6 image skipped because of filter conditions [cs-mode]. -->
	<!-- Update image info for [6:0x7F3EB62F1000:NN] /usr/lib64/libgcc_s.so.1 -->
	<msg id='8' display='false' source='trc'>
		<type>LOAD_MODULE</type>
		<severity>INFO</severity>
		<timestamp>Mon Oct 23 13:37:10 2023</timestamp>
		<arg name='module'>/usr/lib64/libgcc_s.so.1</arg>
		<arg name='basement'>0x7f3eb62f1000</arg>
		<arg name='ceiling'>0x7f3eb63141a7</arg>
		<arg name='symtab'>no</arg>
	</msg>
	<!-- Instrumentation of /usr/lib64/libgcc_s.so.1 image skipped because of filter conditions [cs-mode]. -->
	<!-- Update image info for [7:0x7F3EB5A00000:YN] /home/redbed24/intel/oneapi/compiler/2023.2.0/linux/compiler/lib/intel64_lin/libiomp5.so -->
	<msg id='9' display='false' source='trc'>
		<type>LOAD_MODULE</type>
		<severity>INFO</severity>
		<timestamp>Mon Oct 23 13:37:10 2023</timestamp>
		<arg name='module'>/home/redbed24/intel/oneapi/compiler/2023.2.0/linux/compiler/lib/intel64_lin/libiomp5.so</arg>
		<arg name='basement'>0x7f3eb5a00000</arg>
		<arg name='ceiling'>0x7f3eb5e4114f</arg>
		<arg name='symtab'>yes</arg>
	</msg>
	<!-- Instrumentation of /home/redbed24/intel/oneapi/compiler/2023.2.0/linux/compiler/lib/intel64_lin/libiomp5.so image skipped because of filter conditions [cs-mode]. -->
	<!-- Update image info for [8:0x7F3EB5822000:NN] /usr/lib64/libc.so.6 -->
	<msg id='10' display='false' source='trc'>
		<type>LOAD_MODULE</type>
		<severity>INFO</severity>
		<timestamp>Mon Oct 23 13:37:10 2023</timestamp>
		<arg name='module'>/usr/lib64/libc.so.6</arg>
		<arg name='basement'>0x7f3eb5822000</arg>
		<arg name='ceiling'>0x7f3eb59ffd2f</arg>
		<arg name='symtab'>no</arg>
	</msg>
	<!-- Instrumentation of /usr/lib64/libc.so.6 image skipped because of filter conditions. -->
	<!-- Update image info for [9:0x7F3EB5ED8000:NN] /usr/lib64/librt.so.1 -->
	<msg id='11' display='false' source='trc'>
		<type>LOAD_MODULE</type>
		<severity>INFO</severity>
		<timestamp>Mon Oct 23 13:37:11 2023</timestamp>
		<arg name='module'>/usr/lib64/librt.so.1</arg>
		<arg name='basement'>0x7f3eb5ed8000</arg>
		<arg name='ceiling'>0x7f3eb5edc01f</arg>
		<arg name='symtab'>no</arg>
	</msg>
	<!-- Instrumentation of /usr/lib64/librt.so.1 image skipped because of filter conditions [cs-mode]. -->
	<!-- Update image info for [10:0x7F3EB5ED0000:NN] /usr/lib64/libpthread.so.0 -->
	<msg id='12' display='false' source='trc'>
		<type>LOAD_MODULE</type>
		<severity>INFO</severity>
		<timestamp>Mon Oct 23 13:37:11 2023</timestamp>
		<arg name='module'>/usr/lib64/libpthread.so.0</arg>
		<arg name='basement'>0x7f3eb5ed0000</arg>
		<arg name='ceiling'>0x7f3eb5ed400f</arg>
		<arg name='symtab'>no</arg>
	</msg>
	<!-- Instrumentation of /usr/lib64/libpthread.so.0 image skipped because of filter conditions [cs-mode]. -->
	<!-- Update image info for [11:0x7F3EB5ECB000:NN] /usr/lib64/libdl.so.2 -->
	<msg id='13' display='false' source='trc'>
		<type>LOAD_MODULE</type>
		<severity>INFO</severity>
		<timestamp>Mon Oct 23 13:37:11 2023</timestamp>
		<arg name='module'>/usr/lib64/libdl.so.2</arg>
		<arg name='basement'>0x7f3eb5ecb000</arg>
		<arg name='ceiling'>0x7f3eb5ecf00f</arg>
		<arg name='symtab'>no</arg>
	</msg>
	<!-- Instrumentation of /usr/lib64/libdl.so.2 image skipped because of filter conditions [cs-mode]. -->
	<msg id='14' display='false' source='trc'>
		<type>UNLOAD_MODULE</type>
		<severity>INFO</severity>
		<timestamp>Mon Oct 23 13:37:13 2023</timestamp>
		<arg name='module'>/home/redbed24/git/lab3-lab2-espejo-samuel_diaz-alejo-noelia/vectorized_double</arg>
	</msg>
	<msg id='15' display='false' source='trc'>
		<type>UNLOAD_MODULE</type>
		<severity>INFO</severity>
		<timestamp>Mon Oct 23 13:37:13 2023</timestamp>
		<arg name='module'>/lib64/ld-linux-x86-64.so.2</arg>
	</msg>
	<msg id='16' display='false' source='trc'>
		<type>UNLOAD_MODULE</type>
		<severity>INFO</severity>
		<timestamp>Mon Oct 23 13:37:13 2023</timestamp>
		<arg name='module'>[vdso]</arg>
	</msg>
	<msg id='17' display='false' source='trc'>
		<type>UNLOAD_MODULE</type>
		<severity>INFO</severity>
		<timestamp>Mon Oct 23 13:37:13 2023</timestamp>
		<arg name='module'>/usr/lib64/libstdc++.so.6</arg>
	</msg>
	<msg id='18' display='false' source='trc'>
		<type>UNLOAD_MODULE</type>
		<severity>INFO</severity>
		<timestamp>Mon Oct 23 13:37:13 2023</timestamp>
		<arg name='module'>/usr/lib64/libm.so.6</arg>
	</msg>
	<msg id='19' display='false' source='trc'>
		<type>UNLOAD_MODULE</type>
		<severity>INFO</severity>
		<timestamp>Mon Oct 23 13:37:13 2023</timestamp>
		<arg name='module'>/usr/lib64/libgcc_s.so.1</arg>
	</msg>
	<msg id='20' display='false' source='trc'>
		<type>UNLOAD_MODULE</type>
		<severity>INFO</severity>
		<timestamp>Mon Oct 23 13:37:13 2023</timestamp>
		<arg name='module'>/home/redbed24/intel/oneapi/compiler/2023.2.0/linux/compiler/lib/intel64_lin/libiomp5.so</arg>
	</msg>
	<msg id='21' display='false' source='trc'>
		<type>UNLOAD_MODULE</type>
		<severity>INFO</severity>
		<timestamp>Mon Oct 23 13:37:13 2023</timestamp>
		<arg name='module'>/usr/lib64/libc.so.6</arg>
	</msg>
	<msg id='22' display='false' source='trc'>
		<type>UNLOAD_MODULE</type>
		<severity>INFO</severity>
		<timestamp>Mon Oct 23 13:37:13 2023</timestamp>
		<arg name='module'>/usr/lib64/librt.so.1</arg>
	</msg>
	<msg id='23' display='false' source='trc'>
		<type>UNLOAD_MODULE</type>
		<severity>INFO</severity>
		<timestamp>Mon Oct 23 13:37:13 2023</timestamp>
		<arg name='module'>/usr/lib64/libpthread.so.0</arg>
	</msg>
	<msg id='24' display='false' source='trc'>
		<type>UNLOAD_MODULE</type>
		<severity>INFO</severity>
		<timestamp>Mon Oct 23 13:37:13 2023</timestamp>
		<arg name='module'>/usr/lib64/libdl.so.2</arg>
	</msg>
	<msg id='25' display='false' source='trc'>
		<type>PROCESS_FINISH</type>
		<severity>INFO</severity>
		<timestamp>Mon Oct 23 13:37:13 2023</timestamp>
		<arg name='process'>/home/redbed24/git/lab3-lab2-espejo-samuel_diaz-alejo-noelia/vectorized_double</arg>
		<arg name='pid'>27085</arg>
		<arg name='exitcode'>0x0</arg>
	</msg>
	<!-- Application exited with code 0 -->
</log>