<?xml version="1.0" encoding="utf-8" ?>
<!-- DO NOT EDIT THIS FILE -->

<log version='2.0' source='trc'>
	<msg id='1' display='false' source='trc'>
		<type>PROCESS_START</type>
		<severity>INFO</severity>
		<timestamp>Thu Oct  5 10:43:36 2023</timestamp>
		<arg name='process'>/home/redbed24/git/lab1-samuel-espejo_noelia-diaz-alejo/src/executable</arg>
		<arg name='pid'>13421</arg>
	</msg>
	<!-- Instrumentation filter's state:
    Patterns applicability:
        Generic loop pattern.....................: enabled
        Generic loop pattern (with dynamic jumps): enabled
        Known trip value loop pattern............: enabled
        Runtime final value loop pattern.........: enabled
        No initial IV loop pattern...............: enabled
        IV step only loop pattern................: enabled
        No entry loop pattern....................: enabled
    Clustered memory model (CMM) applicability:
        Generic loop pattern.....................: enabled
        Generic loop pattern (with dynamic jumps): enabled
        Known trip value loop pattern............: enabled
        Runtime final value loop pattern.........: enabled
        No initial IV loop pattern...............: enabled
        IV step only loop pattern................: enabled
        No entry loop pattern....................: disabled
 -->
	<!-- Callstack mode:
    filter modules.........: true
    filter routines........: true
    count loops............: false
    count flops............: false
    trace..................: false
    extended trace.........: false
    omp trace..............: false
    jit trace..............: false
    failures trace.........: false
    dump raw...............: false
    dump final.............: false
    dump all...............: false
    stack stitching........: true
    stl profiling..........: true
    aggressive frame switch: true
    unwind frame exit......: true
    analyze child loops....: true
 -->
	<!-- Managed application profiling: -->
	<!-- 	State...................: enabled -->
	<!-- Gpu Profiling: -->
	<!-- 	State: disabled -->
	<msg id='2' display='false' source='trc'>
		<type>PROCESS_ANALYSIS_MODE</type>
		<severity>INFO</severity>
		<timestamp>Thu Oct  5 10:43:36 2023</timestamp>
		<arg name='mode'>full</arg>
	</msg>
	<!-- Update image info for [1:0x400000:YN] /home/redbed24/git/lab1-samuel-espejo_noelia-diaz-alejo/src/executable -->
	<msg id='3' display='false' source='trc'>
		<type>LOAD_MODULE</type>
		<severity>INFO</severity>
		<timestamp>Thu Oct  5 10:43:36 2023</timestamp>
		<arg name='module'>/home/redbed24/git/lab1-samuel-espejo_noelia-diaz-alejo/src/executable</arg>
		<arg name='basement'>0x400000</arg>
		<arg name='ceiling'>0x41e9e7</arg>
		<arg name='symtab'>yes</arg>
	</msg>
	<!-- Instrumenting image: id = 1, name = /home/redbed24/git/lab1-samuel-espejo_noelia-diaz-alejo/src/executable -->
	<!-- Instrumenting loops in routine "main" -->
	<!-- Update image info for [2:0x7FB045447000:YN] /lib64/ld-linux-x86-64.so.2 -->
	<msg id='4' display='false' source='trc'>
		<type>LOAD_MODULE</type>
		<severity>INFO</severity>
		<timestamp>Thu Oct  5 10:43:36 2023</timestamp>
		<arg name='module'>/lib64/ld-linux-x86-64.so.2</arg>
		<arg name='basement'>0x7fb045447000</arg>
		<arg name='ceiling'>0x7fb04547b2b7</arg>
		<arg name='symtab'>yes</arg>
	</msg>
	<!-- Instrumentation of /lib64/ld-linux-x86-64.so.2 image skipped because of filter conditions [cs-mode]. -->
	<!-- Update image info for [3:0x7FFD84F19000:NN] [vdso] -->
	<msg id='5' display='false' source='trc'>
		<type>LOAD_MODULE</type>
		<severity>INFO</severity>
		<timestamp>Thu Oct  5 10:43:36 2023</timestamp>
		<arg name='module'>[vdso]</arg>
		<arg name='basement'>0x7ffd84f19000</arg>
		<arg name='ceiling'>0x7ffd84f19fee</arg>
		<arg name='symtab'>no</arg>
	</msg>
	<!-- Instrumentation of [vdso] image skipped because of filter conditions [cs-mode]. -->
	<!-- Update image info for [4:0x7FB02FE00000:NN] /usr/lib64/libstdc++.so.6 -->
	<msg id='6' display='false' source='trc'>
		<type>LOAD_MODULE</type>
		<severity>INFO</severity>
		<timestamp>Thu Oct  5 10:43:37 2023</timestamp>
		<arg name='module'>/usr/lib64/libstdc++.so.6</arg>
		<arg name='basement'>0x7fb02fe00000</arg>
		<arg name='ceiling'>0x7fb0300530bf</arg>
		<arg name='symtab'>no</arg>
	</msg>
	<!-- Instrumentation of /usr/lib64/libstdc++.so.6 image skipped because of filter conditions [cs-mode]. -->
	<!-- Update image info for [5:0x7FB02FCFE000:NN] /usr/lib64/libm.so.6 -->
	<msg id='7' display='false' source='trc'>
		<type>LOAD_MODULE</type>
		<severity>INFO</severity>
		<timestamp>Thu Oct  5 10:43:37 2023</timestamp>
		<arg name='module'>/usr/lib64/libm.so.6</arg>
		<arg name='basement'>0x7fb02fcfe000</arg>
		<arg name='ceiling'>0x7fb02fdde0f7</arg>
		<arg name='symtab'>no</arg>
	</msg>
	<!-- Instrumentation of /usr/lib64/libm.so.6 image skipped because of filter conditions [cs-mode]. -->
	<!-- Update image info for [6:0x7FB02FCDA000:NN] /usr/lib64/libgcc_s.so.1 -->
	<msg id='8' display='false' source='trc'>
		<type>LOAD_MODULE</type>
		<severity>INFO</severity>
		<timestamp>Thu Oct  5 10:43:37 2023</timestamp>
		<arg name='module'>/usr/lib64/libgcc_s.so.1</arg>
		<arg name='basement'>0x7fb02fcda000</arg>
		<arg name='ceiling'>0x7fb02fcfd1a7</arg>
		<arg name='symtab'>no</arg>
	</msg>
	<!-- Instrumentation of /usr/lib64/libgcc_s.so.1 image skipped because of filter conditions [cs-mode]. -->
	<!-- Update image info for [7:0x7FB02F800000:YN] /home/redbed24/intel/oneapi/compiler/2023.2.0/linux/compiler/lib/intel64_lin/libiomp5.so -->
	<msg id='9' display='false' source='trc'>
		<type>LOAD_MODULE</type>
		<severity>INFO</severity>
		<timestamp>Thu Oct  5 10:43:37 2023</timestamp>
		<arg name='module'>/home/redbed24/intel/oneapi/compiler/2023.2.0/linux/compiler/lib/intel64_lin/libiomp5.so</arg>
		<arg name='basement'>0x7fb02f800000</arg>
		<arg name='ceiling'>0x7fb02fc4114f</arg>
		<arg name='symtab'>yes</arg>
	</msg>
	<!-- Instrumentation of /home/redbed24/intel/oneapi/compiler/2023.2.0/linux/compiler/lib/intel64_lin/libiomp5.so image skipped because of filter conditions [cs-mode]. -->
	<!-- Update image info for [8:0x7FB02F400000:YN] /home/redbed24/intel/oneapi/compiler/2023.2.0/linux/lib/libsycl.so.6 -->
	<msg id='10' display='false' source='trc'>
		<type>LOAD_MODULE</type>
		<severity>INFO</severity>
		<timestamp>Thu Oct  5 10:43:37 2023</timestamp>
		<arg name='module'>/home/redbed24/intel/oneapi/compiler/2023.2.0/linux/lib/libsycl.so.6</arg>
		<arg name='basement'>0x7fb02f400000</arg>
		<arg name='ceiling'>0x7fb02f71da8f</arg>
		<arg name='symtab'>yes</arg>
	</msg>
	<!-- Instrumentation of /home/redbed24/intel/oneapi/compiler/2023.2.0/linux/lib/libsycl.so.6 image skipped because of filter conditions [cs-mode]. -->
	<!-- Update image info for [9:0x7FB02F222000:NN] /usr/lib64/libc.so.6 -->
	<msg id='11' display='false' source='trc'>
		<type>LOAD_MODULE</type>
		<severity>INFO</severity>
		<timestamp>Thu Oct  5 10:43:37 2023</timestamp>
		<arg name='module'>/usr/lib64/libc.so.6</arg>
		<arg name='basement'>0x7fb02f222000</arg>
		<arg name='ceiling'>0x7fb02f3ffd2f</arg>
		<arg name='symtab'>no</arg>
	</msg>
	<!-- Instrumentation of /usr/lib64/libc.so.6 image skipped because of filter conditions. -->
	<!-- Update image info for [10:0x7FB02F7F5000:NN] /usr/lib64/librt.so.1 -->
	<msg id='12' display='false' source='trc'>
		<type>LOAD_MODULE</type>
		<severity>INFO</severity>
		<timestamp>Thu Oct  5 10:43:37 2023</timestamp>
		<arg name='module'>/usr/lib64/librt.so.1</arg>
		<arg name='basement'>0x7fb02f7f5000</arg>
		<arg name='ceiling'>0x7fb02f7f901f</arg>
		<arg name='symtab'>no</arg>
	</msg>
	<!-- Instrumentation of /usr/lib64/librt.so.1 image skipped because of filter conditions [cs-mode]. -->
	<!-- Update image info for [11:0x7FB02F7C5000:NN] /usr/lib64/libpthread.so.0 -->
	<msg id='13' display='false' source='trc'>
		<type>LOAD_MODULE</type>
		<severity>INFO</severity>
		<timestamp>Thu Oct  5 10:43:37 2023</timestamp>
		<arg name='module'>/usr/lib64/libpthread.so.0</arg>
		<arg name='basement'>0x7fb02f7c5000</arg>
		<arg name='ceiling'>0x7fb02f7c900f</arg>
		<arg name='symtab'>no</arg>
	</msg>
	<!-- Instrumentation of /usr/lib64/libpthread.so.0 image skipped because of filter conditions [cs-mode]. -->
	<!-- Update image info for [12:0x7FB02F7C0000:NN] /usr/lib64/libdl.so.2 -->
	<msg id='14' display='false' source='trc'>
		<type>LOAD_MODULE</type>
		<severity>INFO</severity>
		<timestamp>Thu Oct  5 10:43:37 2023</timestamp>
		<arg name='module'>/usr/lib64/libdl.so.2</arg>
		<arg name='basement'>0x7fb02f7c0000</arg>
		<arg name='ceiling'>0x7fb02f7c400f</arg>
		<arg name='symtab'>no</arg>
	</msg>
	<!-- Instrumentation of /usr/lib64/libdl.so.2 image skipped because of filter conditions [cs-mode]. -->
	<!-- Update image info for [13:0x7FB02DA00000:YN] /home/redbed24/intel/oneapi/compiler/2023.2.0/linux/compiler/lib/intel64_lin/libsvml.so -->
	<msg id='15' display='false' source='trc'>
		<type>LOAD_MODULE</type>
		<severity>INFO</severity>
		<timestamp>Thu Oct  5 10:43:37 2023</timestamp>
		<arg name='module'>/home/redbed24/intel/oneapi/compiler/2023.2.0/linux/compiler/lib/intel64_lin/libsvml.so</arg>
		<arg name='basement'>0x7fb02da00000</arg>
		<arg name='ceiling'>0x7fb02f02e203</arg>
		<arg name='symtab'>yes</arg>
	</msg>
	<!-- Instrumentation of /home/redbed24/intel/oneapi/compiler/2023.2.0/linux/compiler/lib/intel64_lin/libsvml.so image skipped because of filter conditions [cs-mode]. -->
	<!-- Update image info for [14:0x7FB02D600000:YN] /home/redbed24/intel/oneapi/compiler/2023.2.0/linux/compiler/lib/intel64_lin/libirng.so -->
	<msg id='16' display='false' source='trc'>
		<type>LOAD_MODULE</type>
		<severity>INFO</severity>
		<timestamp>Thu Oct  5 10:43:37 2023</timestamp>
		<arg name='module'>/home/redbed24/intel/oneapi/compiler/2023.2.0/linux/compiler/lib/intel64_lin/libirng.so</arg>
		<arg name='basement'>0x7fb02d600000</arg>
		<arg name='ceiling'>0x7fb02d916357</arg>
		<arg name='symtab'>yes</arg>
	</msg>
	<!-- Instrumentation of /home/redbed24/intel/oneapi/compiler/2023.2.0/linux/compiler/lib/intel64_lin/libirng.so image skipped because of filter conditions [cs-mode]. -->
	<!-- Update image info for [15:0x7FB02D200000:YN] /home/redbed24/intel/oneapi/compiler/2023.2.0/linux/compiler/lib/intel64_lin/libimf.so -->
	<msg id='17' display='false' source='trc'>
		<type>LOAD_MODULE</type>
		<severity>INFO</severity>
		<timestamp>Thu Oct  5 10:43:37 2023</timestamp>
		<arg name='module'>/home/redbed24/intel/oneapi/compiler/2023.2.0/linux/compiler/lib/intel64_lin/libimf.so</arg>
		<arg name='basement'>0x7fb02d200000</arg>
		<arg name='ceiling'>0x7fb02d5e979f</arg>
		<arg name='symtab'>yes</arg>
	</msg>
	<!-- Instrumentation of /home/redbed24/intel/oneapi/compiler/2023.2.0/linux/compiler/lib/intel64_lin/libimf.so image skipped because of filter conditions [cs-mode]. -->
	<!-- Update image info for [16:0x7FB02F747000:YN] /home/redbed24/intel/oneapi/compiler/2023.2.0/linux/compiler/lib/intel64_lin/libintlc.so.5 -->
	<msg id='18' display='false' source='trc'>
		<type>LOAD_MODULE</type>
		<severity>INFO</severity>
		<timestamp>Thu Oct  5 10:43:37 2023</timestamp>
		<arg name='module'>/home/redbed24/intel/oneapi/compiler/2023.2.0/linux/compiler/lib/intel64_lin/libintlc.so.5</arg>
		<arg name='basement'>0x7fb02f747000</arg>
		<arg name='ceiling'>0x7fb02f7bec57</arg>
		<arg name='symtab'>yes</arg>
	</msg>
	<!-- Instrumentation of /home/redbed24/intel/oneapi/compiler/2023.2.0/linux/compiler/lib/intel64_lin/libintlc.so.5 image skipped because of filter conditions [cs-mode]. -->
	<msg id='19' display='false' source='trc'>
		<type>UNLOAD_MODULE</type>
		<severity>INFO</severity>
		<timestamp>Thu Oct  5 10:43:38 2023</timestamp>
		<arg name='module'>/home/redbed24/git/lab1-samuel-espejo_noelia-diaz-alejo/src/executable</arg>
	</msg>
	<msg id='20' display='false' source='trc'>
		<type>UNLOAD_MODULE</type>
		<severity>INFO</severity>
		<timestamp>Thu Oct  5 10:43:38 2023</timestamp>
		<arg name='module'>/lib64/ld-linux-x86-64.so.2</arg>
	</msg>
	<msg id='21' display='false' source='trc'>
		<type>UNLOAD_MODULE</type>
		<severity>INFO</severity>
		<timestamp>Thu Oct  5 10:43:38 2023</timestamp>
		<arg name='module'>[vdso]</arg>
	</msg>
	<msg id='22' display='false' source='trc'>
		<type>UNLOAD_MODULE</type>
		<severity>INFO</severity>
		<timestamp>Thu Oct  5 10:43:38 2023</timestamp>
		<arg name='module'>/usr/lib64/libstdc++.so.6</arg>
	</msg>
	<msg id='23' display='false' source='trc'>
		<type>UNLOAD_MODULE</type>
		<severity>INFO</severity>
		<timestamp>Thu Oct  5 10:43:38 2023</timestamp>
		<arg name='module'>/usr/lib64/libm.so.6</arg>
	</msg>
	<msg id='24' display='false' source='trc'>
		<type>UNLOAD_MODULE</type>
		<severity>INFO</severity>
		<timestamp>Thu Oct  5 10:43:38 2023</timestamp>
		<arg name='module'>/usr/lib64/libgcc_s.so.1</arg>
	</msg>
	<msg id='25' display='false' source='trc'>
		<type>UNLOAD_MODULE</type>
		<severity>INFO</severity>
		<timestamp>Thu Oct  5 10:43:38 2023</timestamp>
		<arg name='module'>/home/redbed24/intel/oneapi/compiler/2023.2.0/linux/compiler/lib/intel64_lin/libiomp5.so</arg>
	</msg>
	<msg id='26' display='false' source='trc'>
		<type>UNLOAD_MODULE</type>
		<severity>INFO</severity>
		<timestamp>Thu Oct  5 10:43:38 2023</timestamp>
		<arg name='module'>/home/redbed24/intel/oneapi/compiler/2023.2.0/linux/lib/libsycl.so.6</arg>
	</msg>
	<msg id='27' display='false' source='trc'>
		<type>UNLOAD_MODULE</type>
		<severity>INFO</severity>
		<timestamp>Thu Oct  5 10:43:38 2023</timestamp>
		<arg name='module'>/usr/lib64/libc.so.6</arg>
	</msg>
	<msg id='28' display='false' source='trc'>
		<type>UNLOAD_MODULE</type>
		<severity>INFO</severity>
		<timestamp>Thu Oct  5 10:43:38 2023</timestamp>
		<arg name='module'>/usr/lib64/librt.so.1</arg>
	</msg>
	<msg id='29' display='false' source='trc'>
		<type>UNLOAD_MODULE</type>
		<severity>INFO</severity>
		<timestamp>Thu Oct  5 10:43:38 2023</timestamp>
		<arg name='module'>/usr/lib64/libpthread.so.0</arg>
	</msg>
	<msg id='30' display='false' source='trc'>
		<type>UNLOAD_MODULE</type>
		<severity>INFO</severity>
		<timestamp>Thu Oct  5 10:43:38 2023</timestamp>
		<arg name='module'>/usr/lib64/libdl.so.2</arg>
	</msg>
	<msg id='31' display='false' source='trc'>
		<type>UNLOAD_MODULE</type>
		<severity>INFO</severity>
		<timestamp>Thu Oct  5 10:43:38 2023</timestamp>
		<arg name='module'>/home/redbed24/intel/oneapi/compiler/2023.2.0/linux/compiler/lib/intel64_lin/libsvml.so</arg>
	</msg>
	<msg id='32' display='false' source='trc'>
		<type>UNLOAD_MODULE</type>
		<severity>INFO</severity>
		<timestamp>Thu Oct  5 10:43:38 2023</timestamp>
		<arg name='module'>/home/redbed24/intel/oneapi/compiler/2023.2.0/linux/compiler/lib/intel64_lin/libirng.so</arg>
	</msg>
	<msg id='33' display='false' source='trc'>
		<type>UNLOAD_MODULE</type>
		<severity>INFO</severity>
		<timestamp>Thu Oct  5 10:43:38 2023</timestamp>
		<arg name='module'>/home/redbed24/intel/oneapi/compiler/2023.2.0/linux/compiler/lib/intel64_lin/libimf.so</arg>
	</msg>
	<msg id='34' display='false' source='trc'>
		<type>UNLOAD_MODULE</type>
		<severity>INFO</severity>
		<timestamp>Thu Oct  5 10:43:38 2023</timestamp>
		<arg name='module'>/home/redbed24/intel/oneapi/compiler/2023.2.0/linux/compiler/lib/intel64_lin/libintlc.so.5</arg>
	</msg>
	<msg id='35' display='false' source='trc'>
		<type>PROCESS_FINISH</type>
		<severity>INFO</severity>
		<timestamp>Thu Oct  5 10:43:38 2023</timestamp>
		<arg name='process'>/home/redbed24/git/lab1-samuel-espejo_noelia-diaz-alejo/src/executable</arg>
		<arg name='pid'>13421</arg>
		<arg name='exitcode'>0x0</arg>
	</msg>
	<!-- Application exited with code 0 -->
</log>