<?xml version="1.0" encoding="utf-8"?>
<log version="1.0" tool="runtool">

<msg id="1" tool="runtool">
  <type>log-start</type>
  <arg>2023/10/23 13:41:41</arg>
</msg>
<msg id="2" tool="runtool">
  <type>collector-starts</type>
</msg>
<msg id="3" tool="runtool">
  <type>marker-file</type>
  <arg>/home/redbed24/git/lab3-lab2-espejo-samuel_diaz-alejo-noelia/results/task4/analisis_no_vectorizado/e000/dp000/dp000.advixe</arg>
</msg>
<msg id="4" tool="tc">
  <type>START</type>
  <severity>INFO</severity>
  <timestamp>Mon Oct 23 13:41:41 2023</timestamp>
</msg>
<msg id="5" tool="tc">
  <type>EXEC_OF_INTEREST</type>
  <arg>/home/redbed24/git/lab3-lab2-espejo-samuel_diaz-alejo-noelia/vectorized_double</arg>
  <arg>27247</arg>
  <severity>INFO</severity>
  <timestamp>Mon Oct 23 13:41:41 2023</timestamp>
</msg>
<msg id="6" tool="tc">
  <type>LOAD_MODULE</type>
  <arg>/home/redbed24/git/lab3-lab2-espejo-samuel_diaz-alejo-noelia/vectorized_double</arg>
  <arg>0x400000</arg>
  <arg>0x429b8f</arg>
  <arg>2</arg>
  <severity>INFO</severity>
  <timestamp>Mon Oct 23 13:41:41 2023</timestamp>
</msg>
<msg id="7" tool="tc">
  <type>LOAD_MODULE</type>
  <arg>/lib64/ld-linux-x86-64.so.2</arg>
  <arg>0x7f0d99445000</arg>
  <arg>0x7f0d994792b7</arg>
  <arg>3</arg>
  <severity>INFO</severity>
  <timestamp>Mon Oct 23 13:41:41 2023</timestamp>
</msg>
<msg id="8" tool="tc">
  <type>LOAD_MODULE</type>
  <arg>[vdso]</arg>
  <arg>0x7ffd3df1e000</arg>
  <arg>0x7ffd3df1efee</arg>
  <arg>4</arg>
  <severity>INFO</severity>
  <timestamp>Mon Oct 23 13:41:41 2023</timestamp>
</msg>
<msg id="9" tool="tc">
  <type>LOAD_MODULE</type>
  <arg>/usr/lib64/libstdc++.so.6</arg>
  <arg>0x7f0d83000000</arg>
  <arg>0x7f0d832530bf</arg>
  <arg>5</arg>
  <severity>INFO</severity>
  <timestamp>Mon Oct 23 13:41:42 2023</timestamp>
</msg>
<msg id="10" tool="tc">
  <type>LOAD_MODULE</type>
  <arg>/usr/lib64/libm.so.6</arg>
  <arg>0x7f0d82e89000</arg>
  <arg>0x7f0d82f690f7</arg>
  <arg>6</arg>
  <severity>INFO</severity>
  <timestamp>Mon Oct 23 13:41:42 2023</timestamp>
</msg>
<msg id="11" tool="tc">
  <type>LOAD_MODULE</type>
  <arg>/usr/lib64/libgcc_s.so.1</arg>
  <arg>0x7f0d82e65000</arg>
  <arg>0x7f0d82e881a7</arg>
  <arg>7</arg>
  <severity>INFO</severity>
  <timestamp>Mon Oct 23 13:41:42 2023</timestamp>
</msg>
<msg id="12" tool="tc">
  <type>LOAD_MODULE</type>
  <arg>/home/redbed24/intel/oneapi/compiler/2023.2.0/linux/compiler/lib/intel64_lin/libiomp5.so</arg>
  <arg>0x7f0d82800000</arg>
  <arg>0x7f0d82c4114f</arg>
  <arg>8</arg>
  <severity>INFO</severity>
  <timestamp>Mon Oct 23 13:41:42 2023</timestamp>
</msg>
<msg id="13" tool="tc">
  <type>LOAD_MODULE</type>
  <arg>/usr/lib64/libc.so.6</arg>
  <arg>0x7f0d8260e000</arg>
  <arg>0x7f0d827ebd2f</arg>
  <arg>9</arg>
  <severity>INFO</severity>
  <timestamp>Mon Oct 23 13:41:42 2023</timestamp>
</msg>
<msg id="14" tool="tc">
  <type>LOAD_MODULE</type>
  <arg>/usr/lib64/librt.so.1</arg>
  <arg>0x7f0d82daa000</arg>
  <arg>0x7f0d82dae01f</arg>
  <arg>10</arg>
  <severity>INFO</severity>
  <timestamp>Mon Oct 23 13:41:42 2023</timestamp>
</msg>
<msg id="15" tool="tc">
  <type>LOAD_MODULE</type>
  <arg>/usr/lib64/libpthread.so.0</arg>
  <arg>0x7f0d82d94000</arg>
  <arg>0x7f0d82d9800f</arg>
  <arg>11</arg>
  <severity>INFO</severity>
  <timestamp>Mon Oct 23 13:41:42 2023</timestamp>
</msg>
<msg id="16" tool="tc">
  <type>LOAD_MODULE</type>
  <arg>/usr/lib64/libdl.so.2</arg>
  <arg>0x7f0d82d8b000</arg>
  <arg>0x7f0d82d8f00f</arg>
  <arg>12</arg>
  <severity>INFO</severity>
  <timestamp>Mon Oct 23 13:41:42 2023</timestamp>
</msg>
<msg id="17" tool="tc">
  <type>UNLOAD_MODULE</type>
  <arg>/home/redbed24/git/lab3-lab2-espejo-samuel_diaz-alejo-noelia/vectorized_double</arg>
  <arg>2</arg>
  <severity>INFO</severity>
  <timestamp>Mon Oct 23 13:47:40 2023</timestamp>
</msg>
<msg id="18" tool="tc">
  <type>UNLOAD_MODULE</type>
  <arg>/lib64/ld-linux-x86-64.so.2</arg>
  <arg>3</arg>
  <severity>INFO</severity>
  <timestamp>Mon Oct 23 13:47:40 2023</timestamp>
</msg>
<msg id="19" tool="tc">
  <type>UNLOAD_MODULE</type>
  <arg>[vdso]</arg>
  <arg>4</arg>
  <severity>INFO</severity>
  <timestamp>Mon Oct 23 13:47:40 2023</timestamp>
</msg>
<msg id="20" tool="tc">
  <type>UNLOAD_MODULE</type>
  <arg>/usr/lib64/libstdc++.so.6</arg>
  <arg>5</arg>
  <severity>INFO</severity>
  <timestamp>Mon Oct 23 13:47:40 2023</timestamp>
</msg>
<msg id="21" tool="tc">
  <type>UNLOAD_MODULE</type>
  <arg>/usr/lib64/libm.so.6</arg>
  <arg>6</arg>
  <severity>INFO</severity>
  <timestamp>Mon Oct 23 13:47:40 2023</timestamp>
</msg>
<msg id="22" tool="tc">
  <type>UNLOAD_MODULE</type>
  <arg>/usr/lib64/libgcc_s.so.1</arg>
  <arg>7</arg>
  <severity>INFO</severity>
  <timestamp>Mon Oct 23 13:47:40 2023</timestamp>
</msg>
<msg id="23" tool="tc">
  <type>UNLOAD_MODULE</type>
  <arg>/home/redbed24/intel/oneapi/compiler/2023.2.0/linux/compiler/lib/intel64_lin/libiomp5.so</arg>
  <arg>8</arg>
  <severity>INFO</severity>
  <timestamp>Mon Oct 23 13:47:40 2023</timestamp>
</msg>
<msg id="24" tool="tc">
  <type>UNLOAD_MODULE</type>
  <arg>/usr/lib64/libc.so.6</arg>
  <arg>9</arg>
  <severity>INFO</severity>
  <timestamp>Mon Oct 23 13:47:40 2023</timestamp>
</msg>
<msg id="25" tool="tc">
  <type>UNLOAD_MODULE</type>
  <arg>/usr/lib64/librt.so.1</arg>
  <arg>10</arg>
  <severity>INFO</severity>
  <timestamp>Mon Oct 23 13:47:40 2023</timestamp>
</msg>
<msg id="26" tool="tc">
  <type>UNLOAD_MODULE</type>
  <arg>/usr/lib64/libpthread.so.0</arg>
  <arg>11</arg>
  <severity>INFO</severity>
  <timestamp>Mon Oct 23 13:47:40 2023</timestamp>
</msg>
<msg id="27" tool="tc">
  <type>UNLOAD_MODULE</type>
  <arg>/usr/lib64/libdl.so.2</arg>
  <arg>12</arg>
  <severity>INFO</severity>
  <timestamp>Mon Oct 23 13:47:40 2023</timestamp>
</msg>
<msg id="28" tool="tc">
  <type>PROCESS_TERMINATE</type>
  <arg>/home/redbed24/git/lab3-lab2-espejo-samuel_diaz-alejo-noelia/vectorized_double</arg>
  <arg>27247</arg>
  <severity>INFO</severity>
  <timestamp>Mon Oct 23 13:47:40 2023</timestamp>
</msg>
<msg id="29" tool="tc">
  <type>ANALYSIS_COMPLETE</type>
  <severity>INFO</severity>
  <timestamp>Mon Oct 23 13:47:40 2023</timestamp>
</msg>
<msg id="30" tool="tc">
  <type>STOP</type>
  <severity>INFO</severity>
  <timestamp>Mon Oct 23 13:47:40 2023</timestamp>
</msg>
<msg id="31" tool="runtool">
  <type>app-exit-code</type>
  <arg>0</arg>
</msg>
<msg id="32" tool="runtool">
  <type>marker-file</type>
  <arg>/home/redbed24/git/lab3-lab2-espejo-samuel_diaz-alejo-noelia/results/task4/analisis_no_vectorizado/e000/dp000/dp000.advixe</arg>
</msg>
<msg id="33" tool="runtool">
  <type>collector-done</type>
</msg>
<msg id="34" tool="runtool">
  <type>log-end</type>
  <arg>2023/10/23 13:47:44</arg>
</msg>

</log>

