45 [140613962471360] INFO perfrun.launcher <> - Launcher main begin
48 [140613962471360] INFO perfrun.launcher <> - MessageCatalogInit finished
48 [140613962471360] INFO perfrun.launcher <> - Launcher instance created
48 [140613962471360] INFO perfrun.launcher <> - argc = 7; cmdline = /home/redbed24/intel/oneapi/advisor/2023.2.0/bin64/advixe-runss --ui-output-format xml --ui-output-fd 76 --option-file /home/redbed24/Workspaces/ArCo/Tutorial/e000/hs001/config/runss.options 
179 [140613962471360] INFO perfrun.launcher <> - create msngr2::ICliToolContext
180 [140613962471360] INFO perfrun.launcher <> - create file finder object
180 [140613962471360] INFO perfrun.launcher <> - create a result directory: pattern = /home/redbed24/Workspaces/ArCo/Tutorial/e000/hs001 pid = 4294967295
192 [140613962471360] INFO perfrun.sdk <> - checked that the directory /home/redbed24/Workspaces/ArCo/Tutorial/e000/hs001 is a local directory
192 [140613962471360] INFO perfrun.sdk <> - the directory /home/redbed24/Workspaces/ArCo/Tutorial/e000/hs001 is a local directory with FS type ID 61267
192 [140613962471360] INFO perfrun.launcher <> - create data directory = /home/redbed24/Workspaces/ArCo/Tutorial/e000/hs001/data.0
192 [140613962471360] INFO perfrun.launcher <> - Creating the master collection flag
196 [140613962471360] INFO perfrun.launcher <> - Done creating the master collection flag
201 [140613810906816] INFO perfrun.launcher <> - plugin [remoteplug] was disabled because it doesn't support the given collection type.
201 [140613810906816] INFO perfrun.sdk <> - Allocating TMU :/home/redbed24/Workspaces/ArCo/Tutorial/e000/hs001/data.0/systemcollector-7595-Lenovo-Ideapad-700.sc
202 [140613810906816] INFO perfrun.launcher <> - plugin [] was disabled because it doesn't support the given collection type.
202 [140613810906816] INFO perfrun.launcher <> - plugin [gpu] was disabled because it doesn't support the given collection type.
202 [140613810906816] INFO perfrun.launcher <> - plugin [] was disabled because it doesn't support the given collection type.
202 [140613810906816] INFO perfrun.launcher <> - plugin [] was disabled because it doesn't support the given collection type.
202 [140613810906816] INFO perfrun.launcher <> - plugin [] was disabled because it doesn't support the given collection type.
202 [140613810906816] INFO perfrun.mrte <> - system-wide mode is 0
202 [140613810906816] INFO perfrun.mrte <> - Getting  mrte profiling environment ...
232 [140613810906816] INFO perfrun.mrte <> - INTEL_MRTE_DATA_DIR=/home/redbed24/Workspaces/ArCo/Tutorial/e000/hs001/data.0
232 [140613810906816] INFO perfrun.mrte <> - INTEL_MRTE_HOST_NAME=Lenovo-Ideapad-700
232 [140613810906816] INFO perfrun.mrte <> - JAVA_TOOL_OPTIONS=-agentlib:advixe_tpssmrte_javaprof_1.0 -Dsun.boot.library.path=/home/redbed24/intel/oneapi/advisor/2023.2.0/lib32/runtime:/home/redbed24/intel/oneapi/advisor/2023.2.0/lib64/runtime
232 [140613810906816] INFO perfrun.mrte <> - LD_LIBRARY_PATH=/home/redbed24/intel/oneapi/advisor/2023.2.0/lib32/runtime:/home/redbed24/intel/oneapi/advisor/2023.2.0/lib64/runtime:/home/redbed24/intel/oneapi/tbb/2021.10.0/env/../lib/intel64/gcc4.8:/home/redbed24/intel/oneapi/mpi/2021.10.0//libfabric/lib:/home/redbed24/intel/oneapi/mpi/2021.10.0//lib/release:/home/redbed24/intel/oneapi/mpi/2021.10.0//lib:/home/redbed24/intel/oneapi/mkl/2023.2.0/lib/intel64:/home/redbed24/intel/oneapi/itac/2021.10.0/slib:/home/redbed24/intel/oneapi/ipp/2021.9.0/lib/intel64:/home/redbed24/intel/oneapi/ippcp/2021.8.0/lib/intel64:/home/redbed24/intel/oneapi/ipp/2021.9.0/lib/intel64:/home/redbed24/intel/oneapi/dnnl/2023.2.0/cpu_dpcpp_gpu_dpcpp/lib:/home/redbed24/intel/oneapi/debugger/2023.2.0/gdb/intel64/lib:/home/redbed24/intel/oneapi/debugger/2023.2.0/libipt/intel64/lib:/home/redbed24/intel/oneapi/debugger/2023.2.0/dep/lib:/home/redbed24/intel/oneapi/dal/2023.2.0/lib/intel64:/home/redbed24/intel/oneapi/compiler/2023.2.0/linux/lib:/home/redbed24/intel/oneapi/compiler/2023.2.0/linux/lib/x64:/home/redbed24/intel/oneapi/compiler/2023.2.0/linux/lib/oclfpga/host/linux64/lib:/home/redbed24/intel/oneapi/compiler/2023.2.0/linux/compiler/lib/intel64_lin:/home/redbed24/intel/oneapi/ccl/2021.10.0/lib/cpu_gpu_dpcpp:/home/redbed24/intel/oneapi/compiler/2023.2.0/linux/compiler/lib/intel64_lin:/home/redbed24/intel/oneapi/ccl/2021.10.0/lib/cpu_gpu_dpcpp
232 [140613810906816] INFO perfrun.mrte <> - Data directory: /home/redbed24/Workspaces/ArCo/Tutorial/e000/hs001/data.0
232 [140613810906816] INFO perfrun.mrte <> - Mrte plugin is initialized
232 [140613810906816] INFO perfrun.launcher <> - plugin [] was disabled because it doesn't support the given collection type.
232 [140613810906816] INFO perfrun.launcher <> - plugin [] was disabled because it doesn't support the given collection type.
232 [140613810906816] INFO perfrun.launcher <> - plugin [] was disabled because it doesn't support the given collection type.
232 [140613810906816] INFO perfrun.launcher <> - plugin [] was disabled because it doesn't support the given collection type.
232 [140613810906816] INFO perfrun.launcher <> - plugin [] was disabled because it doesn't support the given collection type.
232 [140613810906816] INFO perfrun.launcher <> - plugin [] was disabled because it doesn't support the given collection type.
232 [140613810906816] INFO perfrun.launcher <> - plugin [] was disabled because it doesn't support the given collection type.
232 [140613810906816] INFO perfrun.tpss <> - initialize tpss controller
233 [140613810906816] INFO perfrun.tpss <> - configure collection mode: value = cpu:stack
233 [140613810906816] INFO perfrun.tpss <> - default obj-size-min=1024
233 [140613810906816] INFO perfrun.tpss <> - default hash-table-size=0
233 [140613810906816] INFO perfrun.launcher <> - plugin [] was disabled because it doesn't support the given collection type.
233 [140613810906816] INFO perfrun.launcher <> - plugin [] was disabled because it doesn't support the given collection type.
233 [140613810906816] INFO perfrun.launcher <> - plugin [] was disabled because it doesn't support the given collection type.
233 [140613810906816] INFO perfrun.launcher <> - plugin [] was disabled because it doesn't support the given collection type.
233 [140613810906816] INFO perfrun.launcher <> - plugin [] was disabled because it doesn't support the given collection type.
233 [140613810906816] INFO perfrun.launcher <> - plugin [] was disabled because it doesn't support the given collection type.
233 [140613810906816] INFO perfrun.launcher <> - plugin [] was disabled because it doesn't support the given collection type.
233 [140613810906816] INFO perfrun.launcher <> - plugin [] was disabled because it doesn't support the given collection type.
233 [140613810906816] INFO perfrun.launcher <> - plugin [] was disabled because it doesn't support the given collection type.
233 [140613962471360] INFO perfrun.launcher <> - set environment variable: LD_LIBRARY_PATH = /home/redbed24/intel/oneapi/advisor/2023.2.0/lib32/runtime:/home/redbed24/intel/oneapi/advisor/2023.2.0/lib64/runtime:/home/redbed24/intel/oneapi/tbb/2021.10.0/env/../lib/intel64/gcc4.8:/home/redbed24/intel/oneapi/mpi/2021.10.0//libfabric/lib:/home/redbed24/intel/oneapi/mpi/2021.10.0//lib/release:/home/redbed24/intel/oneapi/mpi/2021.10.0//lib:/home/redbed24/intel/oneapi/mkl/2023.2.0/lib/intel64:/home/redbed24/intel/oneapi/itac/2021.10.0/slib:/home/redbed24/intel/oneapi/ipp/2021.9.0/lib/intel64:/home/redbed24/intel/oneapi/ippcp/2021.8.0/lib/intel64:/home/redbed24/intel/oneapi/ipp/2021.9.0/lib/intel64:/home/redbed24/intel/oneapi/dnnl/2023.2.0/cpu_dpcpp_gpu_dpcpp/lib:/home/redbed24/intel/oneapi/debugger/2023.2.0/gdb/intel64/lib:/home/redbed24/intel/oneapi/debugger/2023.2.0/libipt/intel64/lib:/home/redbed24/intel/oneapi/debugger/2023.2.0/dep/lib:/home/redbed24/intel/oneapi/dal/2023.2.0/lib/intel64:/home/redbed24/intel/oneapi/compiler/2023.2.0/linux/lib:/home/redbed24/intel/oneapi/compiler/2023.2.0/linux/lib/x64:/home/redbed24/intel/oneapi/compiler/2023.2.0/linux/lib/oclfpga/host/linux64/lib:/home/redbed24/intel/oneapi/compiler/2023.2.0/linux/compiler/lib/intel64_lin:/home/redbed24/intel/oneapi/ccl/2021.10.0/lib/cpu_gpu_dpcpp:/home/redbed24/intel/oneapi/compiler/2023.2.0/linux/compiler/lib/intel64_lin:/home/redbed24/intel/oneapi/ccl/2021.10.0/lib/cpu_gpu_dpcpp
234 [140613962471360] INFO perfrun.launcher <> - set environment variable: INTEL_LIBITTNOTIFY32 = /home/redbed24/intel/oneapi/advisor/2023.2.0/lib32/runtime/libittnotify_collector.so
234 [140613962471360] INFO perfrun.launcher <> - set environment variable: INTEL_LIBITTNOTIFY64 = /home/redbed24/intel/oneapi/advisor/2023.2.0/lib64/runtime/libittnotify_collector.so
234 [140613962471360] INFO perfrun.launcher <> - set environment variable: INTEL_ITTNOTIFY_GROUPS = 
234 [140613962471360] INFO perfrun.launcher <> - set environment variable: INTEL_JIT_PROFILER32 = /home/redbed24/intel/oneapi/advisor/2023.2.0/lib32/runtime/libittnotify_collector.so
234 [140613962471360] INFO perfrun.launcher <> - set environment variable: INTEL_JIT_PROFILER64 = /home/redbed24/intel/oneapi/advisor/2023.2.0/lib64/runtime/libittnotify_collector.so
234 [140613962471360] INFO perfrun.launcher <> - set environment variable: ENABLE_JITPROFILING = 1
234 [140613962471360] INFO perfrun.launcher <> - set environment variable: CL_CONFIG_USE_VTUNE = True
235 [140613962471360] INFO perfrun.launcher <> - set environment variable: KMP_FORKJOIN_FRAMES = 0
235 [140613962471360] INFO perfrun.launcher <> - set environment variable: KMP_FORKJOIN_FRAMES_MODE = 0
235 [140613962471360] INFO perfrun.launcher <> - set environment variable: INTEL_MRTE_DATA_DIR = /home/redbed24/Workspaces/ArCo/Tutorial/e000/hs001/data.0
235 [140613962471360] INFO perfrun.launcher <> - set environment variable: INTEL_MRTE_HOST_NAME = Lenovo-Ideapad-700
235 [140613962471360] INFO perfrun.launcher <> - set environment variable: JAVA_TOOL_OPTIONS = -agentlib:advixe_tpssmrte_javaprof_1.0 -Dsun.boot.library.path=/home/redbed24/intel/oneapi/advisor/2023.2.0/lib32/runtime:/home/redbed24/intel/oneapi/advisor/2023.2.0/lib64/runtime
235 [140613962471360] INFO perfrun.launcher <> - set environment variable: LD_LIBRARY_PATH = /home/redbed24/intel/oneapi/advisor/2023.2.0/lib32/runtime:/home/redbed24/intel/oneapi/advisor/2023.2.0/lib64/runtime:/home/redbed24/intel/oneapi/tbb/2021.10.0/env/../lib/intel64/gcc4.8:/home/redbed24/intel/oneapi/mpi/2021.10.0//libfabric/lib:/home/redbed24/intel/oneapi/mpi/2021.10.0//lib/release:/home/redbed24/intel/oneapi/mpi/2021.10.0//lib:/home/redbed24/intel/oneapi/mkl/2023.2.0/lib/intel64:/home/redbed24/intel/oneapi/itac/2021.10.0/slib:/home/redbed24/intel/oneapi/ipp/2021.9.0/lib/intel64:/home/redbed24/intel/oneapi/ippcp/2021.8.0/lib/intel64:/home/redbed24/intel/oneapi/ipp/2021.9.0/lib/intel64:/home/redbed24/intel/oneapi/dnnl/2023.2.0/cpu_dpcpp_gpu_dpcpp/lib:/home/redbed24/intel/oneapi/debugger/2023.2.0/gdb/intel64/lib:/home/redbed24/intel/oneapi/debugger/2023.2.0/libipt/intel64/lib:/home/redbed24/intel/oneapi/debugger/2023.2.0/dep/lib:/home/redbed24/intel/oneapi/dal/2023.2.0/lib/intel64:/home/redbed24/intel/oneapi/compiler/2023.2.0/linux/lib:/home/redbed24/intel/oneapi/compiler/2023.2.0/linux/lib/x64:/home/redbed24/intel/oneapi/compiler/2023.2.0/linux/lib/oclfpga/host/linux64/lib:/home/redbed24/intel/oneapi/compiler/2023.2.0/linux/compiler/lib/intel64_lin:/home/redbed24/intel/oneapi/ccl/2021.10.0/lib/cpu_gpu_dpcpp:/home/redbed24/intel/oneapi/compiler/2023.2.0/linux/compiler/lib/intel64_lin:/home/redbed24/intel/oneapi/ccl/2021.10.0/lib/cpu_gpu_dpcpp
235 [140613962471360] INFO perfrun.launcher <> - RpcServer: run RPC server to handle requests
236 [140613962471360] INFO perfrun.launcher <> - Launcher: command line to start before modification = /home/redbed24/git/lab1-samuel-espejo_noelia-diaz-alejo/src/executable
237 [140613962471360] INFO perfrun.launcher <> - Launcher: command line to start after modification = /home/redbed24/intel/oneapi/advisor/2023.2.0/bin64/pin -error_file /home/redbed24/Workspaces/ArCo/Tutorial/e000/hs001/data.0/pinerr.tpsslog -detach_reattach -follow_execv -tool_load_option deepbind -t64 /home/redbed24/intel/oneapi/advisor/2023.2.0/lib64/libtpsstool.so -t /home/redbed24/intel/oneapi/advisor/2023.2.0/lib32/libtpsstool.so -server_name tpss_ipc.7595 -prd_dir /home/redbed24/intel/oneapi/advisor/2023.2.0 -- /home/redbed24/git/lab1-samuel-espejo_noelia-diaz-alejo/src/executable
237 [140613962471360] INFO perfrun.launcher <> - ProcessCreator object was created
239 [140613962471360] INFO perfrun.launcher <> - Launcher: the process was started in suspend mode
243 [140613810906816] WARN perfrun.system <> - Could not do anything with /sys/kernel/debug/kvm: boost::filesystem::status: Permission denied: "/sys/kernel/debug/kvm", at file: vcs/perfrun1/plugins/system/src/trace_writer.cpp:787
246 [140613810906816] WARN perfrun.sdk <> - Failed to find xl binary on any of the system paths: /bin, /sbin, /usr/bin, /usr/sbin., at file: vcs/perfrun1/sdk/src/utils.cpp:204
247 [140613810906816] WARN perfrun.system <> - Only 3 usec accuracy achieved for reference point, at file: vcs/perfrun1/plugins/system/src/trace_writer.cpp:320
261 [140613810906816] INFO perfrun.vdso <> - Helper runtool '/home/redbed24/intel/oneapi/advisor/2023.2.0/bin32/advixe-runss -dump-vdso -r /home/redbed24/Workspaces/ArCo/Tutorial/e000/hs001 --tmp-dir /tmp/advixe-tmp-redbed24' returned 1
528 [140613810906816] INFO perfrun.vdso <> - Helper runtool '/home/redbed24/intel/oneapi/advisor/2023.2.0/bin64/advixe-runss -dump-vdso -r /home/redbed24/Workspaces/ArCo/Tutorial/e000/hs001 --tmp-dir /tmp/advixe-tmp-redbed24' returned 0
528 [140613810906816] INFO perfrun.itt <> - start itt controller for pid #7608
528 [140613810906816] INFO perfrun.tpss <> - start tpss controller for pid #7608
580 [140613962471360] INFO perfrun.launcher <> - Launcher: all plugins were started
580 [140613962471360] INFO perfrun.launcher <> - DirectoryMonitor object was created
580 [140613962471360] INFO perfrun.launcher <> - DirectoryMonitor: a callback was added
580 [140613962471360] INFO perfrun.launcher <> - DirectoryMonitor was started with pingTime = 1000
580 [140613962471360] INFO perfrun.launcher <> - DeadlineTimer is going to be constructed
580 [140613962471360] INFO perfrun.launcher <> - DeadlineTimer: a callback was added
588 [140613962471360] INFO perfrun.launcher <> - Launcher: resume the profiled application and  wait its termination or stop command
4603 [140613962471360] INFO perfrun.launcher <> - Launcher: the profiled application was terminated  with exit code = 0
4605 [140613810906816] WARN perfrun.system <> - Only 3 usec accuracy achieved for reference point, at file: vcs/perfrun1/plugins/system/src/trace_writer.cpp:320
4627 [140613810906816] INFO perfrun.itt <> - detach itt controller
4627 [140613810906816] INFO perfrun.itt <> - detach itt controller done
4627 [140613810906816] INFO perfrun.tpss <> - stop tpss controller
4628 [140613810906816] INFO perfrun.sdk <> - De-allocating TMU: /home/redbed24/Workspaces/ArCo/Tutorial/e000/hs001/data.0/systemcollector-7595-Lenovo-Ideapad-700.sc
4628 [140613810906816] INFO perfrun.system <> - closed the system trace file: /home/redbed24/Workspaces/ArCo/Tutorial/e000/hs001/data.0/systemcollector-7595-Lenovo-Ideapad-700.sc
4629 [140613962471360] INFO perfrun.launcher <> - Launcher: all plugins were stopped.
4629 [140613962471360] INFO perfrun.launcher <> - DeadlineTimer is going to be destroyed
4629 [140613962471360] INFO perfrun.launcher <> - DeadlineTimer was destroyed
4629 [140613962471360] INFO perfrun.launcher <> - DirectoryMonitor object was destroyed
4629 [140613962471360] WARN perfrun.launcher <> - Stop command is ignored because it is received when collection is already stopped, at file: vcs/perfrun1/launcher/src/command_handler.cpp:226
4631 [140613962471360] INFO perfrun.launcher <> - Application exit code: 0
4631 [140613962471360] INFO perfrun.launcher <> - Exit code: 0
