<?xml version="1.0" encoding="utf-8"?>
<log version="1.0" tool="runtool">

<msg id="1" tool="runtool">
  <type>log-start</type>
  <arg>2023/10/23 13:59:30</arg>
</msg>
<msg id="2" tool="runtool">
  <type>collector-starts</type>
</msg>
<msg id="3" tool="runtool">
  <type>marker-file</type>
  <arg>/home/redbed24/git/lab3-lab2-espejo-samuel_diaz-alejo-noelia/results/task4/analisis_no_vectorizado/e000/mp002/mp002.advixe</arg>
</msg>
<msg id="4" tool="tc">
  <type>START</type>
  <severity>INFO</severity>
  <timestamp>Mon Oct 23 13:59:31 2023</timestamp>
</msg>
<msg id="5" tool="tc">
  <type>EXEC_OF_INTEREST</type>
  <arg>/home/redbed24/git/lab3-lab2-espejo-samuel_diaz-alejo-noelia/vectorized_unit</arg>
  <arg>28527</arg>
  <severity>INFO</severity>
  <timestamp>Mon Oct 23 13:59:31 2023</timestamp>
</msg>
<msg id="6" tool="tc">
  <type>LOAD_MODULE</type>
  <arg>/home/redbed24/git/lab3-lab2-espejo-samuel_diaz-alejo-noelia/vectorized_unit</arg>
  <arg>0x400000</arg>
  <arg>0x429b8f</arg>
  <arg>1</arg>
  <severity>INFO</severity>
  <timestamp>Mon Oct 23 13:59:31 2023</timestamp>
</msg>
<msg id="7" tool="tc">
  <type>LOAD_MODULE</type>
  <arg>/lib64/ld-linux-x86-64.so.2</arg>
  <arg>0x7f8f30a13000</arg>
  <arg>0x7f8f30a472b7</arg>
  <arg>2</arg>
  <severity>INFO</severity>
  <timestamp>Mon Oct 23 13:59:31 2023</timestamp>
</msg>
<msg id="8" tool="tc">
  <type>LOAD_MODULE</type>
  <arg>[vdso]</arg>
  <arg>0x7fffb1fed000</arg>
  <arg>0x7fffb1fedfee</arg>
  <arg>3</arg>
  <severity>INFO</severity>
  <timestamp>Mon Oct 23 13:59:31 2023</timestamp>
</msg>
<msg id="9" tool="tc">
  <type>LOAD_MODULE</type>
  <arg>/usr/lib64/libstdc++.so.6</arg>
  <arg>0x7f8f1ac00000</arg>
  <arg>0x7f8f1ae530bf</arg>
  <arg>4</arg>
  <severity>INFO</severity>
  <timestamp>Mon Oct 23 13:59:31 2023</timestamp>
</msg>
<msg id="10" tool="tc">
  <type>LOAD_MODULE</type>
  <arg>/usr/lib64/libm.so.6</arg>
  <arg>0x7f8f1aafe000</arg>
  <arg>0x7f8f1abde0f7</arg>
  <arg>5</arg>
  <severity>INFO</severity>
  <timestamp>Mon Oct 23 13:59:31 2023</timestamp>
</msg>
<msg id="11" tool="tc">
  <type>LOAD_MODULE</type>
  <arg>/usr/lib64/libgcc_s.so.1</arg>
  <arg>0x7f8f1aada000</arg>
  <arg>0x7f8f1aafd1a7</arg>
  <arg>6</arg>
  <severity>INFO</severity>
  <timestamp>Mon Oct 23 13:59:31 2023</timestamp>
</msg>
<msg id="12" tool="tc">
  <type>LOAD_MODULE</type>
  <arg>/home/redbed24/intel/oneapi/compiler/2023.2.0/linux/compiler/lib/intel64_lin/libiomp5.so</arg>
  <arg>0x7f8f1a600000</arg>
  <arg>0x7f8f1aa4114f</arg>
  <arg>7</arg>
  <severity>INFO</severity>
  <timestamp>Mon Oct 23 13:59:31 2023</timestamp>
</msg>
<msg id="13" tool="tc">
  <type>LOAD_MODULE</type>
  <arg>/usr/lib64/libc.so.6</arg>
  <arg>0x7f8f1a3fb000</arg>
  <arg>0x7f8f1a5d8d2f</arg>
  <arg>8</arg>
  <severity>INFO</severity>
  <timestamp>Mon Oct 23 13:59:32 2023</timestamp>
</msg>
<msg id="14" tool="tc">
  <type>LOAD_MODULE</type>
  <arg>/usr/lib64/librt.so.1</arg>
  <arg>0x7f8f1a3da000</arg>
  <arg>0x7f8f1a3de01f</arg>
  <arg>9</arg>
  <severity>INFO</severity>
  <timestamp>Mon Oct 23 13:59:32 2023</timestamp>
</msg>
<msg id="15" tool="tc">
  <type>LOAD_MODULE</type>
  <arg>/usr/lib64/libpthread.so.0</arg>
  <arg>0x7f8f1a3ae000</arg>
  <arg>0x7f8f1a3b200f</arg>
  <arg>10</arg>
  <severity>INFO</severity>
  <timestamp>Mon Oct 23 13:59:32 2023</timestamp>
</msg>
<msg id="16" tool="tc">
  <type>LOAD_MODULE</type>
  <arg>/usr/lib64/libdl.so.2</arg>
  <arg>0x7f8f1a3a9000</arg>
  <arg>0x7f8f1a3ad00f</arg>
  <arg>11</arg>
  <severity>INFO</severity>
  <timestamp>Mon Oct 23 13:59:32 2023</timestamp>
</msg>
<msg id="17" tool="tc">
  <type>UNLOAD_MODULE</type>
  <arg>/home/redbed24/git/lab3-lab2-espejo-samuel_diaz-alejo-noelia/vectorized_unit</arg>
  <arg>1</arg>
  <severity>INFO</severity>
  <timestamp>Mon Oct 23 13:59:42 2023</timestamp>
</msg>
<msg id="18" tool="tc">
  <type>UNLOAD_MODULE</type>
  <arg>/lib64/ld-linux-x86-64.so.2</arg>
  <arg>2</arg>
  <severity>INFO</severity>
  <timestamp>Mon Oct 23 13:59:42 2023</timestamp>
</msg>
<msg id="19" tool="tc">
  <type>UNLOAD_MODULE</type>
  <arg>[vdso]</arg>
  <arg>3</arg>
  <severity>INFO</severity>
  <timestamp>Mon Oct 23 13:59:42 2023</timestamp>
</msg>
<msg id="20" tool="tc">
  <type>UNLOAD_MODULE</type>
  <arg>/usr/lib64/libstdc++.so.6</arg>
  <arg>4</arg>
  <severity>INFO</severity>
  <timestamp>Mon Oct 23 13:59:42 2023</timestamp>
</msg>
<msg id="21" tool="tc">
  <type>UNLOAD_MODULE</type>
  <arg>/usr/lib64/libm.so.6</arg>
  <arg>5</arg>
  <severity>INFO</severity>
  <timestamp>Mon Oct 23 13:59:42 2023</timestamp>
</msg>
<msg id="22" tool="tc">
  <type>UNLOAD_MODULE</type>
  <arg>/usr/lib64/libgcc_s.so.1</arg>
  <arg>6</arg>
  <severity>INFO</severity>
  <timestamp>Mon Oct 23 13:59:42 2023</timestamp>
</msg>
<msg id="23" tool="tc">
  <type>UNLOAD_MODULE</type>
  <arg>/home/redbed24/intel/oneapi/compiler/2023.2.0/linux/compiler/lib/intel64_lin/libiomp5.so</arg>
  <arg>7</arg>
  <severity>INFO</severity>
  <timestamp>Mon Oct 23 13:59:42 2023</timestamp>
</msg>
<msg id="24" tool="tc">
  <type>UNLOAD_MODULE</type>
  <arg>/usr/lib64/libc.so.6</arg>
  <arg>8</arg>
  <severity>INFO</severity>
  <timestamp>Mon Oct 23 13:59:42 2023</timestamp>
</msg>
<msg id="25" tool="tc">
  <type>UNLOAD_MODULE</type>
  <arg>/usr/lib64/librt.so.1</arg>
  <arg>9</arg>
  <severity>INFO</severity>
  <timestamp>Mon Oct 23 13:59:42 2023</timestamp>
</msg>
<msg id="26" tool="tc">
  <type>UNLOAD_MODULE</type>
  <arg>/usr/lib64/libpthread.so.0</arg>
  <arg>10</arg>
  <severity>INFO</severity>
  <timestamp>Mon Oct 23 13:59:42 2023</timestamp>
</msg>
<msg id="27" tool="tc">
  <type>UNLOAD_MODULE</type>
  <arg>/usr/lib64/libdl.so.2</arg>
  <arg>11</arg>
  <severity>INFO</severity>
  <timestamp>Mon Oct 23 13:59:42 2023</timestamp>
</msg>
<msg id="28" tool="tc">
  <type>PROCESS_TERMINATE</type>
  <arg>/home/redbed24/git/lab3-lab2-espejo-samuel_diaz-alejo-noelia/vectorized_unit</arg>
  <arg>28527</arg>
  <severity>INFO</severity>
  <timestamp>Mon Oct 23 13:59:42 2023</timestamp>
</msg>
<msg id="29" tool="tc">
  <type>ANALYSIS_COMPLETE</type>
  <severity>INFO</severity>
  <timestamp>Mon Oct 23 13:59:42 2023</timestamp>
</msg>
<msg id="30" tool="tc">
  <type>STOP</type>
  <severity>INFO</severity>
  <timestamp>Mon Oct 23 13:59:42 2023</timestamp>
</msg>
<msg id="31" tool="runtool">
  <type>app-exit-code</type>
  <arg>0</arg>
</msg>
<msg id="32" tool="runtool">
  <type>marker-file</type>
  <arg>/home/redbed24/git/lab3-lab2-espejo-samuel_diaz-alejo-noelia/results/task4/analisis_no_vectorizado/e000/mp002/mp002.advixe</arg>
</msg>
<msg id="33" tool="runtool">
  <type>collector-done</type>
</msg>
<msg id="34" tool="runtool">
  <type>log-end</type>
  <arg>2023/10/23 13:59:46</arg>
</msg>

</log>

