12 [140362799454144] INFO perfrun.launcher <> - Launcher main begin
12 [140362799454144] INFO perfrun.launcher <> - MessageCatalogInit finished
12 [140362799454144] INFO perfrun.launcher <> - Launcher instance created
12 [140362799454144] INFO perfrun.launcher <> - argc = 6; cmdline = /home/redbed24/intel/oneapi/advisor/2023.2.0/bin64/advixe-runss -dump-vdso -r /home/redbed24/Workspaces/ArCo/Tutorial/e000/hs005 --tmp-dir /tmp/advixe-tmp-redbed24 
51 [140362799454144] INFO perfrun.launcher <> - create msngr2::ICliToolContext
51 [140362799454144] INFO perfrun.launcher <> - create file finder object
52 [140362647594688] INFO perfrun.launcher <> - plugin [remoteplug] was disabled because it doesn't support the given collection type.
52 [140362647594688] INFO perfrun.launcher <> - plugin [system] was disabled because it doesn't support the given collection type.
52 [140362647594688] INFO perfrun.vdso <> - dumping [vdso] pseudomodule
53 [140362647594688] WARN perfrun.vdso <> - could not archive [vdso], return code 5, at file: vcs/perfrun1/plugins/vdso/src/vdso_collector.cpp:264
53 [140362647594688] INFO perfrun.launcher <> - plugin [itt] was disabled because it doesn't support the given collection type.
53 [140362647594688] INFO perfrun.launcher <> - plugin [] was disabled because it doesn't support the given collection type.
53 [140362647594688] INFO perfrun.launcher <> - plugin [gpu] was disabled because it doesn't support the given collection type.
53 [140362647594688] INFO perfrun.launcher <> - plugin [] was disabled because it doesn't support the given collection type.
53 [140362647594688] INFO perfrun.launcher <> - plugin [] was disabled because it doesn't support the given collection type.
53 [140362647594688] INFO perfrun.launcher <> - plugin [] was disabled because it doesn't support the given collection type.
53 [140362647594688] INFO perfrun.launcher <> - plugin [mrte] was disabled because it doesn't support the given collection type.
53 [140362647594688] INFO perfrun.launcher <> - plugin [] was disabled because it doesn't support the given collection type.
53 [140362647594688] INFO perfrun.launcher <> - plugin [] was disabled because it doesn't support the given collection type.
53 [140362647594688] INFO perfrun.launcher <> - plugin [] was disabled because it doesn't support the given collection type.
53 [140362647594688] INFO perfrun.launcher <> - plugin [] was disabled because it doesn't support the given collection type.
53 [140362647594688] INFO perfrun.launcher <> - plugin [] was disabled because it doesn't support the given collection type.
53 [140362647594688] INFO perfrun.launcher <> - plugin [] was disabled because it doesn't support the given collection type.
53 [140362647594688] INFO perfrun.launcher <> - plugin [] was disabled because it doesn't support the given collection type.
53 [140362647594688] INFO perfrun.launcher <> - plugin [tpss] was disabled because it doesn't support the given collection type.
53 [140362647594688] INFO perfrun.launcher <> - plugin [] was disabled because it doesn't support the given collection type.
53 [140362647594688] INFO perfrun.launcher <> - plugin [] was disabled because it doesn't support the given collection type.
53 [140362647594688] INFO perfrun.launcher <> - plugin [] was disabled because it doesn't support the given collection type.
53 [140362647594688] INFO perfrun.launcher <> - plugin [] was disabled because it doesn't support the given collection type.
53 [140362647594688] INFO perfrun.launcher <> - plugin [] was disabled because it doesn't support the given collection type.
53 [140362647594688] INFO perfrun.launcher <> - plugin [] was disabled because it doesn't support the given collection type.
53 [140362647594688] INFO perfrun.launcher <> - plugin [] was disabled because it doesn't support the given collection type.
53 [140362647594688] INFO perfrun.launcher <> - plugin [] was disabled because it doesn't support the given collection type.
53 [140362647594688] INFO perfrun.launcher <> - plugin [] was disabled because it doesn't support the given collection type.
53 [140362799454144] INFO perfrun.launcher <> - Application exit code: 0
53 [140362799454144] INFO perfrun.launcher <> - Exit code: 0
