<?xml version="1.0" encoding="utf-8"?>
<log version="1.0" tool="runtool">

<msg id="1" tool="runtool">
  <type>log-start</type>
  <arg>2023/10/05 10:40:11</arg>
</msg>
<msg id="2" tool="runtool">
  <type>bandwidth-measurement-starts</type>
</msg>
<msg id="3" tool="runtool">
  <type>bandwidth-measurement-done</type>
</msg>
<msg id="4" tool="runtool">
  <type>collector-starts</type>
</msg>
<msg id="5" tool="runtool">
  <type>marker-file</type>
  <arg>/home/redbed24/Workspaces/ArCo/Tutorial/e000/trc000/trc000.advixe</arg>
</msg>
<msg id="6" tool="trc">
  <type>PROCESS_START</type>
  <arg>/home/redbed24/git/lab1-samuel-espejo_noelia-diaz-alejo/src/executable</arg>
  <arg>12822</arg>
  <severity>INFO</severity>
  <timestamp>Thu Oct  5 10:40:21 2023</timestamp>
</msg>
<msg id="7" tool="trc">
  <type>PROCESS_ANALYSIS_MODE</type>
  <arg>full</arg>
  <severity>INFO</severity>
  <timestamp>Thu Oct  5 10:40:21 2023</timestamp>
</msg>
<msg id="8" tool="trc">
  <type>LOAD_MODULE</type>
  <arg>/home/redbed24/git/lab1-samuel-espejo_noelia-diaz-alejo/src/executable</arg>
  <arg>0x400000</arg>
  <arg>0x4041c7</arg>
  <arg>yes</arg>
  <severity>INFO</severity>
  <timestamp>Thu Oct  5 10:40:21 2023</timestamp>
</msg>
<msg id="9" tool="trc">
  <type>LOAD_MODULE</type>
  <arg>/lib64/ld-linux-x86-64.so.2</arg>
  <arg>0x7f6cb8410000</arg>
  <arg>0x7f6cb84442b7</arg>
  <arg>yes</arg>
  <severity>INFO</severity>
  <timestamp>Thu Oct  5 10:40:21 2023</timestamp>
</msg>
<msg id="10" tool="trc">
  <type>LOAD_MODULE</type>
  <arg>[vdso]</arg>
  <arg>0x7ffed70ec000</arg>
  <arg>0x7ffed70ecfee</arg>
  <arg>no</arg>
  <severity>INFO</severity>
  <timestamp>Thu Oct  5 10:40:21 2023</timestamp>
</msg>
<msg id="11" tool="trc">
  <type>LOAD_MODULE</type>
  <arg>/usr/lib64/libstdc++.so.6</arg>
  <arg>0x7f6ca2e00000</arg>
  <arg>0x7f6ca30530bf</arg>
  <arg>no</arg>
  <severity>INFO</severity>
  <timestamp>Thu Oct  5 10:40:22 2023</timestamp>
</msg>
<msg id="12" tool="trc">
  <type>LOAD_MODULE</type>
  <arg>/usr/lib64/libm.so.6</arg>
  <arg>0x7f6ca2d14000</arg>
  <arg>0x7f6ca2df40f7</arg>
  <arg>no</arg>
  <severity>INFO</severity>
  <timestamp>Thu Oct  5 10:40:22 2023</timestamp>
</msg>
<msg id="13" tool="trc">
  <type>LOAD_MODULE</type>
  <arg>/usr/lib64/libgomp.so.1</arg>
  <arg>0x7f6ca2cc2000</arg>
  <arg>0x7f6ca2d1360f</arg>
  <arg>no</arg>
  <severity>INFO</severity>
  <timestamp>Thu Oct  5 10:40:22 2023</timestamp>
</msg>
<msg id="14" tool="trc">
  <type>LOAD_MODULE</type>
  <arg>/usr/lib64/libgcc_s.so.1</arg>
  <arg>0x7f6ca2c9e000</arg>
  <arg>0x7f6ca2cc11a7</arg>
  <arg>no</arg>
  <severity>INFO</severity>
  <timestamp>Thu Oct  5 10:40:22 2023</timestamp>
</msg>
<msg id="15" tool="trc">
  <type>LOAD_MODULE</type>
  <arg>/usr/lib64/libc.so.6</arg>
  <arg>0x7f6ca2a76000</arg>
  <arg>0x7f6ca2c53d2f</arg>
  <arg>no</arg>
  <severity>INFO</severity>
  <timestamp>Thu Oct  5 10:40:22 2023</timestamp>
</msg>
<msg id="16" tool="trc">
  <type>UNLOAD_MODULE</type>
  <arg>/home/redbed24/git/lab1-samuel-espejo_noelia-diaz-alejo/src/executable</arg>
  <severity>INFO</severity>
  <timestamp>Thu Oct  5 10:40:23 2023</timestamp>
</msg>
<msg id="17" tool="trc">
  <type>UNLOAD_MODULE</type>
  <arg>/lib64/ld-linux-x86-64.so.2</arg>
  <severity>INFO</severity>
  <timestamp>Thu Oct  5 10:40:23 2023</timestamp>
</msg>
<msg id="18" tool="trc">
  <type>UNLOAD_MODULE</type>
  <arg>[vdso]</arg>
  <severity>INFO</severity>
  <timestamp>Thu Oct  5 10:40:23 2023</timestamp>
</msg>
<msg id="19" tool="trc">
  <type>UNLOAD_MODULE</type>
  <arg>/usr/lib64/libstdc++.so.6</arg>
  <severity>INFO</severity>
  <timestamp>Thu Oct  5 10:40:23 2023</timestamp>
</msg>
<msg id="20" tool="trc">
  <type>UNLOAD_MODULE</type>
  <arg>/usr/lib64/libm.so.6</arg>
  <severity>INFO</severity>
  <timestamp>Thu Oct  5 10:40:23 2023</timestamp>
</msg>
<msg id="21" tool="trc">
  <type>UNLOAD_MODULE</type>
  <arg>/usr/lib64/libgomp.so.1</arg>
  <severity>INFO</severity>
  <timestamp>Thu Oct  5 10:40:23 2023</timestamp>
</msg>
<msg id="22" tool="trc">
  <type>UNLOAD_MODULE</type>
  <arg>/usr/lib64/libgcc_s.so.1</arg>
  <severity>INFO</severity>
  <timestamp>Thu Oct  5 10:40:23 2023</timestamp>
</msg>
<msg id="23" tool="trc">
  <type>UNLOAD_MODULE</type>
  <arg>/usr/lib64/libc.so.6</arg>
  <severity>INFO</severity>
  <timestamp>Thu Oct  5 10:40:23 2023</timestamp>
</msg>
<msg id="24" tool="trc">
  <type>PROCESS_FINISH</type>
  <arg>/home/redbed24/git/lab1-samuel-espejo_noelia-diaz-alejo/src/executable</arg>
  <arg>12822</arg>
  <arg>0x0</arg>
  <severity>INFO</severity>
  <timestamp>Thu Oct  5 10:40:23 2023</timestamp>
</msg>
<msg id="25" tool="runtool">
  <type>app-exit-code</type>
  <arg>0</arg>
</msg>
<msg id="26" tool="runtool">
  <type>marker-file</type>
  <arg>/home/redbed24/Workspaces/ArCo/Tutorial/e000/trc000/trc000.advixe</arg>
</msg>
<msg id="27" tool="runtool">
  <type>collector-done</type>
</msg>
<msg id="28" tool="runtool">
  <type>log-end</type>
  <arg>2023/10/05 10:40:26</arg>
</msg>

</log>

