<?xml version="1.0" encoding="utf-8"?>
<log version="1.0" tool="runtool">

<msg id="1" tool="runtool">
  <type>log-start</type>
  <arg>2023/10/23 15:31:13</arg>
</msg>
<msg id="2" tool="runtool">
  <type>bandwidth-measurement-starts</type>
</msg>
<msg id="3" tool="runtool">
  <type>bandwidth-measurement-done</type>
</msg>
<msg id="4" tool="runtool">
  <type>collector-starts</type>
</msg>
<msg id="5" tool="runtool">
  <type>marker-file</type>
  <arg>/home/redbed24/git/lab3-lab2-espejo-samuel_diaz-alejo-noelia/results/task2/tarea2/e000/trc000/trc000.advixe</arg>
</msg>
<msg id="6" tool="trc">
  <type>PROCESS_START</type>
  <arg>/home/redbed24/git/lab3-lab2-espejo-samuel_diaz-alejo-noelia/executable</arg>
  <arg>6157</arg>
  <severity>INFO</severity>
  <timestamp>Mon Oct 23 15:31:23 2023</timestamp>
</msg>
<msg id="7" tool="trc">
  <type>PROCESS_ANALYSIS_MODE</type>
  <arg>full</arg>
  <severity>INFO</severity>
  <timestamp>Mon Oct 23 15:31:23 2023</timestamp>
</msg>
<msg id="8" tool="trc">
  <type>LOAD_MODULE</type>
  <arg>/home/redbed24/git/lab3-lab2-espejo-samuel_diaz-alejo-noelia/executable</arg>
  <arg>0x400000</arg>
  <arg>0x42b8a7</arg>
  <arg>yes</arg>
  <severity>INFO</severity>
  <timestamp>Mon Oct 23 15:31:23 2023</timestamp>
</msg>
<msg id="9" tool="trc">
  <type>LOAD_MODULE</type>
  <arg>/lib64/ld-linux-x86-64.so.2</arg>
  <arg>0x7f0c09258000</arg>
  <arg>0x7f0c0928c2b7</arg>
  <arg>yes</arg>
  <severity>INFO</severity>
  <timestamp>Mon Oct 23 15:31:23 2023</timestamp>
</msg>
<msg id="10" tool="trc">
  <type>LOAD_MODULE</type>
  <arg>[vdso]</arg>
  <arg>0x7fffe69ed000</arg>
  <arg>0x7fffe69edfee</arg>
  <arg>no</arg>
  <severity>INFO</severity>
  <timestamp>Mon Oct 23 15:31:23 2023</timestamp>
</msg>
<msg id="11" tool="trc">
  <type>LOAD_MODULE</type>
  <arg>/usr/lib64/libstdc++.so.6</arg>
  <arg>0x7f0bf3c00000</arg>
  <arg>0x7f0bf3e530bf</arg>
  <arg>no</arg>
  <severity>INFO</severity>
  <timestamp>Mon Oct 23 15:31:24 2023</timestamp>
</msg>
<msg id="12" tool="trc">
  <type>LOAD_MODULE</type>
  <arg>/usr/lib64/libm.so.6</arg>
  <arg>0x7f0bf3afe000</arg>
  <arg>0x7f0bf3bde0f7</arg>
  <arg>no</arg>
  <severity>INFO</severity>
  <timestamp>Mon Oct 23 15:31:24 2023</timestamp>
</msg>
<msg id="13" tool="trc">
  <type>LOAD_MODULE</type>
  <arg>/usr/lib64/libgcc_s.so.1</arg>
  <arg>0x7f0bf3ada000</arg>
  <arg>0x7f0bf3afd1a7</arg>
  <arg>no</arg>
  <severity>INFO</severity>
  <timestamp>Mon Oct 23 15:31:24 2023</timestamp>
</msg>
<msg id="14" tool="trc">
  <type>LOAD_MODULE</type>
  <arg>/home/redbed24/intel/oneapi/compiler/2023.2.0/linux/compiler/lib/intel64_lin/libiomp5.so</arg>
  <arg>0x7f0bf3600000</arg>
  <arg>0x7f0bf3a4114f</arg>
  <arg>yes</arg>
  <severity>INFO</severity>
  <timestamp>Mon Oct 23 15:31:24 2023</timestamp>
</msg>
<msg id="15" tool="trc">
  <type>LOAD_MODULE</type>
  <arg>/usr/lib64/libc.so.6</arg>
  <arg>0x7f0bf33fa000</arg>
  <arg>0x7f0bf35d7d2f</arg>
  <arg>no</arg>
  <severity>INFO</severity>
  <timestamp>Mon Oct 23 15:31:24 2023</timestamp>
</msg>
<msg id="16" tool="trc">
  <type>LOAD_MODULE</type>
  <arg>/usr/lib64/librt.so.1</arg>
  <arg>0x7f0bf3a45000</arg>
  <arg>0x7f0bf3a4901f</arg>
  <arg>no</arg>
  <severity>INFO</severity>
  <timestamp>Mon Oct 23 15:31:24 2023</timestamp>
</msg>
<msg id="17" tool="trc">
  <type>LOAD_MODULE</type>
  <arg>/usr/lib64/libpthread.so.0</arg>
  <arg>0x7f0bf33d4000</arg>
  <arg>0x7f0bf33d800f</arg>
  <arg>no</arg>
  <severity>INFO</severity>
  <timestamp>Mon Oct 23 15:31:24 2023</timestamp>
</msg>
<msg id="18" tool="trc">
  <type>LOAD_MODULE</type>
  <arg>/usr/lib64/libdl.so.2</arg>
  <arg>0x7f0bf33cf000</arg>
  <arg>0x7f0bf33d300f</arg>
  <arg>no</arg>
  <severity>INFO</severity>
  <timestamp>Mon Oct 23 15:31:24 2023</timestamp>
</msg>
<msg id="19" tool="trc">
  <type>UNLOAD_MODULE</type>
  <arg>/home/redbed24/git/lab3-lab2-espejo-samuel_diaz-alejo-noelia/executable</arg>
  <severity>INFO</severity>
  <timestamp>Mon Oct 23 15:31:27 2023</timestamp>
</msg>
<msg id="20" tool="trc">
  <type>UNLOAD_MODULE</type>
  <arg>/lib64/ld-linux-x86-64.so.2</arg>
  <severity>INFO</severity>
  <timestamp>Mon Oct 23 15:31:27 2023</timestamp>
</msg>
<msg id="21" tool="trc">
  <type>UNLOAD_MODULE</type>
  <arg>[vdso]</arg>
  <severity>INFO</severity>
  <timestamp>Mon Oct 23 15:31:27 2023</timestamp>
</msg>
<msg id="22" tool="trc">
  <type>UNLOAD_MODULE</type>
  <arg>/usr/lib64/libstdc++.so.6</arg>
  <severity>INFO</severity>
  <timestamp>Mon Oct 23 15:31:27 2023</timestamp>
</msg>
<msg id="23" tool="trc">
  <type>UNLOAD_MODULE</type>
  <arg>/usr/lib64/libm.so.6</arg>
  <severity>INFO</severity>
  <timestamp>Mon Oct 23 15:31:27 2023</timestamp>
</msg>
<msg id="24" tool="trc">
  <type>UNLOAD_MODULE</type>
  <arg>/usr/lib64/libgcc_s.so.1</arg>
  <severity>INFO</severity>
  <timestamp>Mon Oct 23 15:31:27 2023</timestamp>
</msg>
<msg id="25" tool="trc">
  <type>UNLOAD_MODULE</type>
  <arg>/home/redbed24/intel/oneapi/compiler/2023.2.0/linux/compiler/lib/intel64_lin/libiomp5.so</arg>
  <severity>INFO</severity>
  <timestamp>Mon Oct 23 15:31:27 2023</timestamp>
</msg>
<msg id="26" tool="trc">
  <type>UNLOAD_MODULE</type>
  <arg>/usr/lib64/libc.so.6</arg>
  <severity>INFO</severity>
  <timestamp>Mon Oct 23 15:31:27 2023</timestamp>
</msg>
<msg id="27" tool="trc">
  <type>UNLOAD_MODULE</type>
  <arg>/usr/lib64/librt.so.1</arg>
  <severity>INFO</severity>
  <timestamp>Mon Oct 23 15:31:27 2023</timestamp>
</msg>
<msg id="28" tool="trc">
  <type>UNLOAD_MODULE</type>
  <arg>/usr/lib64/libpthread.so.0</arg>
  <severity>INFO</severity>
  <timestamp>Mon Oct 23 15:31:27 2023</timestamp>
</msg>
<msg id="29" tool="trc">
  <type>UNLOAD_MODULE</type>
  <arg>/usr/lib64/libdl.so.2</arg>
  <severity>INFO</severity>
  <timestamp>Mon Oct 23 15:31:27 2023</timestamp>
</msg>
<msg id="30" tool="trc">
  <type>PROCESS_FINISH</type>
  <arg>/home/redbed24/git/lab3-lab2-espejo-samuel_diaz-alejo-noelia/executable</arg>
  <arg>6157</arg>
  <arg>0x0</arg>
  <severity>INFO</severity>
  <timestamp>Mon Oct 23 15:31:27 2023</timestamp>
</msg>
<msg id="31" tool="runtool">
  <type>app-exit-code</type>
  <arg>0</arg>
</msg>
<msg id="32" tool="runtool">
  <type>marker-file</type>
  <arg>/home/redbed24/git/lab3-lab2-espejo-samuel_diaz-alejo-noelia/results/task2/tarea2/e000/trc000/trc000.advixe</arg>
</msg>
<msg id="33" tool="runtool">
  <type>collector-done</type>
</msg>
<msg id="34" tool="runtool">
  <type>log-end</type>
  <arg>2023/10/23 15:31:31</arg>
</msg>

</log>

