<?xml version="1.0" encoding="utf-8" ?>
<!-- DO NOT EDIT THIS FILE -->

<log version='2.0' source='trc'>
	<msg id='1' display='false' source='trc'>
		<type>PROCESS_START</type>
		<severity>INFO</severity>
		<timestamp>Mon Oct 23 15:31:23 2023</timestamp>
		<arg name='process'>/home/redbed24/git/lab3-lab2-espejo-samuel_diaz-alejo-noelia/executable</arg>
		<arg name='pid'>6157</arg>
	</msg>
	<!-- Instrumentation filter's state:
    Patterns applicability:
        Generic loop pattern.....................: enabled
        Generic loop pattern (with dynamic jumps): enabled
        Known trip value loop pattern............: enabled
        Runtime final value loop pattern.........: enabled
        No initial IV loop pattern...............: enabled
        IV step only loop pattern................: enabled
        No entry loop pattern....................: enabled
    Clustered memory model (CMM) applicability:
        Generic loop pattern.....................: enabled
        Generic loop pattern (with dynamic jumps): enabled
        Known trip value loop pattern............: enabled
        Runtime final value loop pattern.........: enabled
        No initial IV loop pattern...............: enabled
        IV step only loop pattern................: enabled
        No entry loop pattern....................: disabled
 -->
	<!-- Callstack mode:
    filter modules.........: true
    filter routines........: true
    count loops............: false
    count flops............: false
    trace..................: false
    extended trace.........: false
    omp trace..............: false
    jit trace..............: false
    failures trace.........: false
    dump raw...............: false
    dump final.............: false
    dump all...............: false
    stack stitching........: true
    stl profiling..........: true
    aggressive frame switch: true
    unwind frame exit......: true
    analyze child loops....: true
 -->
	<!-- Managed application profiling: -->
	<!-- 	State...................: enabled -->
	<!-- Gpu Profiling: -->
	<!-- 	State: disabled -->
	<msg id='2' display='false' source='trc'>
		<type>PROCESS_ANALYSIS_MODE</type>
		<severity>INFO</severity>
		<timestamp>Mon Oct 23 15:31:23 2023</timestamp>
		<arg name='mode'>full</arg>
	</msg>
	<!-- Update image info for [1:0x400000:YN] /home/redbed24/git/lab3-lab2-espejo-samuel_diaz-alejo-noelia/executable -->
	<msg id='3' display='false' source='trc'>
		<type>LOAD_MODULE</type>
		<severity>INFO</severity>
		<timestamp>Mon Oct 23 15:31:23 2023</timestamp>
		<arg name='module'>/home/redbed24/git/lab3-lab2-espejo-samuel_diaz-alejo-noelia/executable</arg>
		<arg name='basement'>0x400000</arg>
		<arg name='ceiling'>0x42b8a7</arg>
		<arg name='symtab'>yes</arg>
	</msg>
	<!-- Instrumenting image: id = 1, name = /home/redbed24/git/lab3-lab2-espejo-samuel_diaz-alejo-noelia/executable -->
	<!-- Instrumenting loops in routine "main" -->
	<!-- Update image info for [2:0x7F0C09258000:YN] /lib64/ld-linux-x86-64.so.2 -->
	<msg id='4' display='false' source='trc'>
		<type>LOAD_MODULE</type>
		<severity>INFO</severity>
		<timestamp>Mon Oct 23 15:31:23 2023</timestamp>
		<arg name='module'>/lib64/ld-linux-x86-64.so.2</arg>
		<arg name='basement'>0x7f0c09258000</arg>
		<arg name='ceiling'>0x7f0c0928c2b7</arg>
		<arg name='symtab'>yes</arg>
	</msg>
	<!-- Instrumentation of /lib64/ld-linux-x86-64.so.2 image skipped because of filter conditions [cs-mode]. -->
	<!-- Update image info for [3:0x7FFFE69ED000:NN] [vdso] -->
	<msg id='5' display='false' source='trc'>
		<type>LOAD_MODULE</type>
		<severity>INFO</severity>
		<timestamp>Mon Oct 23 15:31:23 2023</timestamp>
		<arg name='module'>[vdso]</arg>
		<arg name='basement'>0x7fffe69ed000</arg>
		<arg name='ceiling'>0x7fffe69edfee</arg>
		<arg name='symtab'>no</arg>
	</msg>
	<!-- Instrumentation of [vdso] image skipped because of filter conditions [cs-mode]. -->
	<!-- Update image info for [4:0x7F0BF3C00000:NN] /usr/lib64/libstdc++.so.6 -->
	<msg id='6' display='false' source='trc'>
		<type>LOAD_MODULE</type>
		<severity>INFO</severity>
		<timestamp>Mon Oct 23 15:31:24 2023</timestamp>
		<arg name='module'>/usr/lib64/libstdc++.so.6</arg>
		<arg name='basement'>0x7f0bf3c00000</arg>
		<arg name='ceiling'>0x7f0bf3e530bf</arg>
		<arg name='symtab'>no</arg>
	</msg>
	<!-- Instrumentation of /usr/lib64/libstdc++.so.6 image skipped because of filter conditions [cs-mode]. -->
	<!-- Update image info for [5:0x7F0BF3AFE000:NN] /usr/lib64/libm.so.6 -->
	<msg id='7' display='false' source='trc'>
		<type>LOAD_MODULE</type>
		<severity>INFO</severity>
		<timestamp>Mon Oct 23 15:31:24 2023</timestamp>
		<arg name='module'>/usr/lib64/libm.so.6</arg>
		<arg name='basement'>0x7f0bf3afe000</arg>
		<arg name='ceiling'>0x7f0bf3bde0f7</arg>
		<arg name='symtab'>no</arg>
	</msg>
	<!-- Instrumentation of /usr/lib64/libm.so.6 image skipped because of filter conditions [cs-mode]. -->
	<!-- Update image info for [6:0x7F0BF3ADA000:NN] /usr/lib64/libgcc_s.so.1 -->
	<msg id='8' display='false' source='trc'>
		<type>LOAD_MODULE</type>
		<severity>INFO</severity>
		<timestamp>Mon Oct 23 15:31:24 2023</timestamp>
		<arg name='module'>/usr/lib64/libgcc_s.so.1</arg>
		<arg name='basement'>0x7f0bf3ada000</arg>
		<arg name='ceiling'>0x7f0bf3afd1a7</arg>
		<arg name='symtab'>no</arg>
	</msg>
	<!-- Instrumentation of /usr/lib64/libgcc_s.so.1 image skipped because of filter conditions [cs-mode]. -->
	<!-- Update image info for [7:0x7F0BF3600000:YN] /home/redbed24/intel/oneapi/compiler/2023.2.0/linux/compiler/lib/intel64_lin/libiomp5.so -->
	<msg id='9' display='false' source='trc'>
		<type>LOAD_MODULE</type>
		<severity>INFO</severity>
		<timestamp>Mon Oct 23 15:31:24 2023</timestamp>
		<arg name='module'>/home/redbed24/intel/oneapi/compiler/2023.2.0/linux/compiler/lib/intel64_lin/libiomp5.so</arg>
		<arg name='basement'>0x7f0bf3600000</arg>
		<arg name='ceiling'>0x7f0bf3a4114f</arg>
		<arg name='symtab'>yes</arg>
	</msg>
	<!-- Instrumentation of /home/redbed24/intel/oneapi/compiler/2023.2.0/linux/compiler/lib/intel64_lin/libiomp5.so image skipped because of filter conditions [cs-mode]. -->
	<!-- Update image info for [8:0x7F0BF33FA000:NN] /usr/lib64/libc.so.6 -->
	<msg id='10' display='false' source='trc'>
		<type>LOAD_MODULE</type>
		<severity>INFO</severity>
		<timestamp>Mon Oct 23 15:31:24 2023</timestamp>
		<arg name='module'>/usr/lib64/libc.so.6</arg>
		<arg name='basement'>0x7f0bf33fa000</arg>
		<arg name='ceiling'>0x7f0bf35d7d2f</arg>
		<arg name='symtab'>no</arg>
	</msg>
	<!-- Instrumentation of /usr/lib64/libc.so.6 image skipped because of filter conditions. -->
	<!-- Update image info for [9:0x7F0BF3A45000:NN] /usr/lib64/librt.so.1 -->
	<msg id='11' display='false' source='trc'>
		<type>LOAD_MODULE</type>
		<severity>INFO</severity>
		<timestamp>Mon Oct 23 15:31:24 2023</timestamp>
		<arg name='module'>/usr/lib64/librt.so.1</arg>
		<arg name='basement'>0x7f0bf3a45000</arg>
		<arg name='ceiling'>0x7f0bf3a4901f</arg>
		<arg name='symtab'>no</arg>
	</msg>
	<!-- Instrumentation of /usr/lib64/librt.so.1 image skipped because of filter conditions [cs-mode]. -->
	<!-- Update image info for [10:0x7F0BF33D4000:NN] /usr/lib64/libpthread.so.0 -->
	<msg id='12' display='false' source='trc'>
		<type>LOAD_MODULE</type>
		<severity>INFO</severity>
		<timestamp>Mon Oct 23 15:31:24 2023</timestamp>
		<arg name='module'>/usr/lib64/libpthread.so.0</arg>
		<arg name='basement'>0x7f0bf33d4000</arg>
		<arg name='ceiling'>0x7f0bf33d800f</arg>
		<arg name='symtab'>no</arg>
	</msg>
	<!-- Instrumentation of /usr/lib64/libpthread.so.0 image skipped because of filter conditions [cs-mode]. -->
	<!-- Update image info for [11:0x7F0BF33CF000:NN] /usr/lib64/libdl.so.2 -->
	<msg id='13' display='false' source='trc'>
		<type>LOAD_MODULE</type>
		<severity>INFO</severity>
		<timestamp>Mon Oct 23 15:31:24 2023</timestamp>
		<arg name='module'>/usr/lib64/libdl.so.2</arg>
		<arg name='basement'>0x7f0bf33cf000</arg>
		<arg name='ceiling'>0x7f0bf33d300f</arg>
		<arg name='symtab'>no</arg>
	</msg>
	<!-- Instrumentation of /usr/lib64/libdl.so.2 image skipped because of filter conditions [cs-mode]. -->
	<msg id='14' display='false' source='trc'>
		<type>UNLOAD_MODULE</type>
		<severity>INFO</severity>
		<timestamp>Mon Oct 23 15:31:27 2023</timestamp>
		<arg name='module'>/home/redbed24/git/lab3-lab2-espejo-samuel_diaz-alejo-noelia/executable</arg>
	</msg>
	<msg id='15' display='false' source='trc'>
		<type>UNLOAD_MODULE</type>
		<severity>INFO</severity>
		<timestamp>Mon Oct 23 15:31:27 2023</timestamp>
		<arg name='module'>/lib64/ld-linux-x86-64.so.2</arg>
	</msg>
	<msg id='16' display='false' source='trc'>
		<type>UNLOAD_MODULE</type>
		<severity>INFO</severity>
		<timestamp>Mon Oct 23 15:31:27 2023</timestamp>
		<arg name='module'>[vdso]</arg>
	</msg>
	<msg id='17' display='false' source='trc'>
		<type>UNLOAD_MODULE</type>
		<severity>INFO</severity>
		<timestamp>Mon Oct 23 15:31:27 2023</timestamp>
		<arg name='module'>/usr/lib64/libstdc++.so.6</arg>
	</msg>
	<msg id='18' display='false' source='trc'>
		<type>UNLOAD_MODULE</type>
		<severity>INFO</severity>
		<timestamp>Mon Oct 23 15:31:27 2023</timestamp>
		<arg name='module'>/usr/lib64/libm.so.6</arg>
	</msg>
	<msg id='19' display='false' source='trc'>
		<type>UNLOAD_MODULE</type>
		<severity>INFO</severity>
		<timestamp>Mon Oct 23 15:31:27 2023</timestamp>
		<arg name='module'>/usr/lib64/libgcc_s.so.1</arg>
	</msg>
	<msg id='20' display='false' source='trc'>
		<type>UNLOAD_MODULE</type>
		<severity>INFO</severity>
		<timestamp>Mon Oct 23 15:31:27 2023</timestamp>
		<arg name='module'>/home/redbed24/intel/oneapi/compiler/2023.2.0/linux/compiler/lib/intel64_lin/libiomp5.so</arg>
	</msg>
	<msg id='21' display='false' source='trc'>
		<type>UNLOAD_MODULE</type>
		<severity>INFO</severity>
		<timestamp>Mon Oct 23 15:31:27 2023</timestamp>
		<arg name='module'>/usr/lib64/libc.so.6</arg>
	</msg>
	<msg id='22' display='false' source='trc'>
		<type>UNLOAD_MODULE</type>
		<severity>INFO</severity>
		<timestamp>Mon Oct 23 15:31:27 2023</timestamp>
		<arg name='module'>/usr/lib64/librt.so.1</arg>
	</msg>
	<msg id='23' display='false' source='trc'>
		<type>UNLOAD_MODULE</type>
		<severity>INFO</severity>
		<timestamp>Mon Oct 23 15:31:27 2023</timestamp>
		<arg name='module'>/usr/lib64/libpthread.so.0</arg>
	</msg>
	<msg id='24' display='false' source='trc'>
		<type>UNLOAD_MODULE</type>
		<severity>INFO</severity>
		<timestamp>Mon Oct 23 15:31:27 2023</timestamp>
		<arg name='module'>/usr/lib64/libdl.so.2</arg>
	</msg>
	<msg id='25' display='false' source='trc'>
		<type>PROCESS_FINISH</type>
		<severity>INFO</severity>
		<timestamp>Mon Oct 23 15:31:27 2023</timestamp>
		<arg name='process'>/home/redbed24/git/lab3-lab2-espejo-samuel_diaz-alejo-noelia/executable</arg>
		<arg name='pid'>6157</arg>
		<arg name='exitcode'>0x0</arg>
	</msg>
	<!-- Application exited with code 0 -->
</log>