<?xml version="1.0" encoding="utf-8"?>
<log version="1.0" tool="runtool">

<msg id="1" tool="runtool">
  <type>log-start</type>
  <arg>2023/10/23 10:08:17</arg>
</msg>
<msg id="2" tool="runtool">
  <type>collector-starts</type>
</msg>
<msg id="3" tool="runtool">
  <type>marker-file</type>
  <arg>/home/redbed24/git/lab3-lab2-espejo-samuel_diaz-alejo-noelia/results/task4/analisis_no_vectorizado/e000/mp000/mp000.advixe</arg>
</msg>
<msg id="4" tool="tc">
  <type>START</type>
  <severity>INFO</severity>
  <timestamp>Mon Oct 23 10:08:17 2023</timestamp>
</msg>
<msg id="5" tool="tc">
  <type>EXEC_OF_INTEREST</type>
  <arg>/home/redbed24/git/lab3-lab2-espejo-samuel_diaz-alejo-noelia/unvectorized</arg>
  <arg>11760</arg>
  <severity>INFO</severity>
  <timestamp>Mon Oct 23 10:08:17 2023</timestamp>
</msg>
<msg id="6" tool="tc">
  <type>LOAD_MODULE</type>
  <arg>/home/redbed24/git/lab3-lab2-espejo-samuel_diaz-alejo-noelia/unvectorized</arg>
  <arg>0x400000</arg>
  <arg>0x40e867</arg>
  <arg>1</arg>
  <severity>INFO</severity>
  <timestamp>Mon Oct 23 10:08:17 2023</timestamp>
</msg>
<msg id="7" tool="tc">
  <type>LOAD_MODULE</type>
  <arg>/lib64/ld-linux-x86-64.so.2</arg>
  <arg>0x7fef35eaf000</arg>
  <arg>0x7fef35ee32b7</arg>
  <arg>2</arg>
  <severity>INFO</severity>
  <timestamp>Mon Oct 23 10:08:17 2023</timestamp>
</msg>
<msg id="8" tool="tc">
  <type>LOAD_MODULE</type>
  <arg>[vdso]</arg>
  <arg>0x7ffca5343000</arg>
  <arg>0x7ffca5343fee</arg>
  <arg>3</arg>
  <severity>INFO</severity>
  <timestamp>Mon Oct 23 10:08:17 2023</timestamp>
</msg>
<msg id="9" tool="tc">
  <type>LOAD_MODULE</type>
  <arg>/usr/lib64/libstdc++.so.6</arg>
  <arg>0x7fef20000000</arg>
  <arg>0x7fef202530bf</arg>
  <arg>4</arg>
  <severity>INFO</severity>
  <timestamp>Mon Oct 23 10:08:17 2023</timestamp>
</msg>
<msg id="10" tool="tc">
  <type>LOAD_MODULE</type>
  <arg>/usr/lib64/libm.so.6</arg>
  <arg>0x7fef20282000</arg>
  <arg>0x7fef203620f7</arg>
  <arg>5</arg>
  <severity>INFO</severity>
  <timestamp>Mon Oct 23 10:08:17 2023</timestamp>
</msg>
<msg id="11" tool="tc">
  <type>LOAD_MODULE</type>
  <arg>/usr/lib64/libgcc_s.so.1</arg>
  <arg>0x7fef1ffdc000</arg>
  <arg>0x7fef1ffff1a7</arg>
  <arg>6</arg>
  <severity>INFO</severity>
  <timestamp>Mon Oct 23 10:08:17 2023</timestamp>
</msg>
<msg id="12" tool="tc">
  <type>LOAD_MODULE</type>
  <arg>/home/redbed24/intel/oneapi/compiler/2023.2.0/linux/compiler/lib/intel64_lin/libiomp5.so</arg>
  <arg>0x7fef1fa00000</arg>
  <arg>0x7fef1fe4114f</arg>
  <arg>7</arg>
  <severity>INFO</severity>
  <timestamp>Mon Oct 23 10:08:17 2023</timestamp>
</msg>
<msg id="13" tool="tc">
  <type>LOAD_MODULE</type>
  <arg>/usr/lib64/libc.so.6</arg>
  <arg>0x7fef1f822000</arg>
  <arg>0x7fef1f9ffd2f</arg>
  <arg>8</arg>
  <severity>INFO</severity>
  <timestamp>Mon Oct 23 10:08:18 2023</timestamp>
</msg>
<msg id="14" tool="tc">
  <type>LOAD_MODULE</type>
  <arg>/usr/lib64/librt.so.1</arg>
  <arg>0x7fef1ff19000</arg>
  <arg>0x7fef1ff1d01f</arg>
  <arg>9</arg>
  <severity>INFO</severity>
  <timestamp>Mon Oct 23 10:08:18 2023</timestamp>
</msg>
<msg id="15" tool="tc">
  <type>LOAD_MODULE</type>
  <arg>/usr/lib64/libpthread.so.0</arg>
  <arg>0x7fef1fefc000</arg>
  <arg>0x7fef1ff0000f</arg>
  <arg>10</arg>
  <severity>INFO</severity>
  <timestamp>Mon Oct 23 10:08:18 2023</timestamp>
</msg>
<msg id="16" tool="tc">
  <type>LOAD_MODULE</type>
  <arg>/usr/lib64/libdl.so.2</arg>
  <arg>0x7fef1fed1000</arg>
  <arg>0x7fef1fed500f</arg>
  <arg>11</arg>
  <severity>INFO</severity>
  <timestamp>Mon Oct 23 10:08:18 2023</timestamp>
</msg>
<msg id="17" tool="tc">
  <type>UNLOAD_MODULE</type>
  <arg>/home/redbed24/git/lab3-lab2-espejo-samuel_diaz-alejo-noelia/unvectorized</arg>
  <arg>1</arg>
  <severity>INFO</severity>
  <timestamp>Mon Oct 23 10:17:02 2023</timestamp>
</msg>
<msg id="18" tool="tc">
  <type>UNLOAD_MODULE</type>
  <arg>/lib64/ld-linux-x86-64.so.2</arg>
  <arg>2</arg>
  <severity>INFO</severity>
  <timestamp>Mon Oct 23 10:17:02 2023</timestamp>
</msg>
<msg id="19" tool="tc">
  <type>UNLOAD_MODULE</type>
  <arg>[vdso]</arg>
  <arg>3</arg>
  <severity>INFO</severity>
  <timestamp>Mon Oct 23 10:17:02 2023</timestamp>
</msg>
<msg id="20" tool="tc">
  <type>UNLOAD_MODULE</type>
  <arg>/usr/lib64/libstdc++.so.6</arg>
  <arg>4</arg>
  <severity>INFO</severity>
  <timestamp>Mon Oct 23 10:17:02 2023</timestamp>
</msg>
<msg id="21" tool="tc">
  <type>UNLOAD_MODULE</type>
  <arg>/usr/lib64/libm.so.6</arg>
  <arg>5</arg>
  <severity>INFO</severity>
  <timestamp>Mon Oct 23 10:17:02 2023</timestamp>
</msg>
<msg id="22" tool="tc">
  <type>UNLOAD_MODULE</type>
  <arg>/usr/lib64/libgcc_s.so.1</arg>
  <arg>6</arg>
  <severity>INFO</severity>
  <timestamp>Mon Oct 23 10:17:02 2023</timestamp>
</msg>
<msg id="23" tool="tc">
  <type>UNLOAD_MODULE</type>
  <arg>/home/redbed24/intel/oneapi/compiler/2023.2.0/linux/compiler/lib/intel64_lin/libiomp5.so</arg>
  <arg>7</arg>
  <severity>INFO</severity>
  <timestamp>Mon Oct 23 10:17:02 2023</timestamp>
</msg>
<msg id="24" tool="tc">
  <type>UNLOAD_MODULE</type>
  <arg>/usr/lib64/libc.so.6</arg>
  <arg>8</arg>
  <severity>INFO</severity>
  <timestamp>Mon Oct 23 10:17:02 2023</timestamp>
</msg>
<msg id="25" tool="tc">
  <type>UNLOAD_MODULE</type>
  <arg>/usr/lib64/librt.so.1</arg>
  <arg>9</arg>
  <severity>INFO</severity>
  <timestamp>Mon Oct 23 10:17:02 2023</timestamp>
</msg>
<msg id="26" tool="tc">
  <type>UNLOAD_MODULE</type>
  <arg>/usr/lib64/libpthread.so.0</arg>
  <arg>10</arg>
  <severity>INFO</severity>
  <timestamp>Mon Oct 23 10:17:02 2023</timestamp>
</msg>
<msg id="27" tool="tc">
  <type>UNLOAD_MODULE</type>
  <arg>/usr/lib64/libdl.so.2</arg>
  <arg>11</arg>
  <severity>INFO</severity>
  <timestamp>Mon Oct 23 10:17:02 2023</timestamp>
</msg>
<msg id="28" tool="tc">
  <type>PROCESS_TERMINATE</type>
  <arg>/home/redbed24/git/lab3-lab2-espejo-samuel_diaz-alejo-noelia/unvectorized</arg>
  <arg>11760</arg>
  <severity>INFO</severity>
  <timestamp>Mon Oct 23 10:17:02 2023</timestamp>
</msg>
<msg id="29" tool="tc">
  <type>ANALYSIS_COMPLETE</type>
  <severity>INFO</severity>
  <timestamp>Mon Oct 23 10:17:02 2023</timestamp>
</msg>
<msg id="30" tool="tc">
  <type>STOP</type>
  <severity>INFO</severity>
  <timestamp>Mon Oct 23 10:17:02 2023</timestamp>
</msg>
<msg id="31" tool="runtool">
  <type>app-exit-code</type>
  <arg>0</arg>
</msg>
<msg id="32" tool="runtool">
  <type>marker-file</type>
  <arg>/home/redbed24/git/lab3-lab2-espejo-samuel_diaz-alejo-noelia/results/task4/analisis_no_vectorizado/e000/mp000/mp000.advixe</arg>
</msg>
<msg id="33" tool="runtool">
  <type>collector-done</type>
</msg>
<msg id="34" tool="runtool">
  <type>log-end</type>
  <arg>2023/10/23 10:17:06</arg>
</msg>

</log>

